{"C:\\Projet\\ESS\\stationnex-card\\src\\i18n.ts": {"path":"C:\\Projet\\ESS\\stationnex-card\\src\\i18n.ts","statementMap":{"0":{"start":{"line":6,"column":0},"end":{"line":35,"column":5}}},"fnMap":{},"branchMap":{"0":{"loc":{"start":{"line":29,"column":9},"end":{"line":29,"column":51}},"type":"binary-expr","locations":[{"start":{"line":29,"column":9},"end":{"line":29,"column":43}},{"start":{"line":29,"column":47},"end":{"line":29,"column":51}}],"line":29}},"s":{"0":0},"f":{},"b":{"0":[0,0]}}
,"C:\\Projet\\ESS\\stationnex-card\\src\\index.js": {"path":"C:\\Projet\\ESS\\stationnex-card\\src\\index.js","statementMap":{"0":{"start":{"line":22,"column":18},"end":{"line":22,"column":49}},"1":{"start":{"line":24,"column":13},"end":{"line":24,"column":34}},"2":{"start":{"line":26,"column":0},"end":{"line":56,"column":2}}},"fnMap":{},"branchMap":{},"s":{"0":0,"1":0,"2":0},"f":{},"b":{}}
,"C:\\Projet\\ESS\\stationnex-card\\src\\translations.ts": {"path":"C:\\Projet\\ESS\\stationnex-card\\src\\translations.ts","statementMap":{"0":{"start":{"line":1,"column":28},"end":{"line":5,"column":4}}},"fnMap":{},"branchMap":{},"s":{"0":0},"f":{},"b":{}}
,"C:\\Projet\\ESS\\stationnex-card\\src\\common\\chartOptions.ts": {"path":"C:\\Projet\\ESS\\stationnex-card\\src\\common\\chartOptions.ts","statementMap":{"0":{"start":{"line":1,"column":45},"end":{"line":80,"column":1}},"1":{"start":{"line":1,"column":76},"end":{"line":79,"column":2}},"2":{"start":{"line":29,"column":6},"end":{"line":29,"column":68}},"3":{"start":{"line":50,"column":31},"end":{"line":50,"column":79}},"4":{"start":{"line":51,"column":8},"end":{"line":51,"column":30}},"5":{"start":{"line":82,"column":41},"end":{"line":110,"column":3}},"6":{"start":{"line":97,"column":12},"end":{"line":97,"column":63}}},"fnMap":{"0":{"name":"(anonymous_0)","decl":{"start":{"line":1,"column":45},"end":{"line":1,"column":46}},"loc":{"start":{"line":1,"column":75},"end":{"line":80,"column":1}},"line":1},"1":{"name":"(anonymous_1)","decl":{"start":{"line":28,"column":15},"end":{"line":28,"column":16}},"loc":{"start":{"line":28,"column":35},"end":{"line":30,"column":5}},"line":28},"2":{"name":"(anonymous_2)","decl":{"start":{"line":49,"column":17},"end":{"line":49,"column":18}},"loc":{"start":{"line":49,"column":42},"end":{"line":52,"column":7}},"line":49},"3":{"name":"(anonymous_3)","decl":{"start":{"line":96,"column":21},"end":{"line":96,"column":22}},"loc":{"start":{"line":96,"column":46},"end":{"line":98,"column":11}},"line":96}},"branchMap":{"0":{"loc":{"start":{"line":97,"column":19},"end":{"line":97,"column":62}},"type":"cond-expr","locations":[{"start":{"line":97,"column":41},"end":{"line":97,"column":57}},{"start":{"line":97,"column":60},"end":{"line":97,"column":62}}],"line":97}},"s":{"0":0,"1":0,"2":0,"3":0,"4":0,"5":0,"6":0},"f":{"0":0,"1":0,"2":0,"3":0},"b":{"0":[0,0]}}
,"C:\\Projet\\ESS\\stationnex-card\\src\\common\\constants.ts": {"path":"C:\\Projet\\ESS\\stationnex-card\\src\\common\\constants.ts","statementMap":{"0":{"start":{"line":1,"column":28},"end":{"line":8,"column":1}},"1":{"start":{"line":10,"column":27},"end":{"line":10,"column":38}}},"fnMap":{},"branchMap":{},"s":{"0":0,"1":0},"f":{},"b":{}}
,"C:\\Projet\\ESS\\stationnex-card\\src\\common\\enums.ts": {"path":"C:\\Projet\\ESS\\stationnex-card\\src\\common\\enums.ts","statementMap":{},"fnMap":{},"branchMap":{},"s":{},"f":{},"b":{},"_coverageSchema":"1a1c01bbd47fc00a2c39e90264f33305004495a9","hash":"878492da8d49f8e5294b3e00b93d83d19460712c"}
,"C:\\Projet\\ESS\\stationnex-card\\src\\common\\model.ts": {"path":"C:\\Projet\\ESS\\stationnex-card\\src\\common\\model.ts","statementMap":{},"fnMap":{},"branchMap":{},"s":{},"f":{},"b":{}}
,"C:\\Projet\\ESS\\stationnex-card\\src\\common\\period.ts": {"path":"C:\\Projet\\ESS\\stationnex-card\\src\\common\\period.ts","statementMap":{"0":{"start":{"line":4,"column":37},"end":{"line":30,"column":1}}},"fnMap":{},"branchMap":{},"s":{"0":1},"f":{},"b":{},"_coverageSchema":"1a1c01bbd47fc00a2c39e90264f33305004495a9","hash":"ee34e250cb5d548c17a5e7b029dd5e00104bedf6"}
,"C:\\Projet\\ESS\\stationnex-card\\src\\common\\react-props.ts": {"path":"C:\\Projet\\ESS\\stationnex-card\\src\\common\\react-props.ts","statementMap":{},"fnMap":{},"branchMap":{},"s":{},"f":{},"b":{}}
,"C:\\Projet\\ESS\\stationnex-card\\src\\common\\api\\WebSocketTopics.ts": {"path":"C:\\Projet\\ESS\\stationnex-card\\src\\common\\api\\WebSocketTopics.ts","statementMap":{"0":{"start":{"line":1,"column":28},"end":{"line":1,"column":43}},"1":{"start":{"line":3,"column":31},"end":{"line":3,"column":47}}},"fnMap":{},"branchMap":{},"s":{"0":0,"1":0},"f":{},"b":{}}
,"C:\\Projet\\ESS\\stationnex-card\\src\\common\\api\\api-utils.ts": {"path":"C:\\Projet\\ESS\\stationnex-card\\src\\common\\api\\api-utils.ts","statementMap":{"0":{"start":{"line":1,"column":31},"end":{"line":17,"column":1}},"1":{"start":{"line":6,"column":15},"end":{"line":6,"column":18}},"2":{"start":{"line":8,"column":2},"end":{"line":10,"column":3}},"3":{"start":{"line":9,"column":4},"end":{"line":9,"column":39}},"4":{"start":{"line":12,"column":2},"end":{"line":14,"column":3}},"5":{"start":{"line":13,"column":4},"end":{"line":13,"column":36}},"6":{"start":{"line":16,"column":2},"end":{"line":16,"column":16}}},"fnMap":{"0":{"name":"(anonymous_0)","decl":{"start":{"line":1,"column":31},"end":{"line":1,"column":32}},"loc":{"start":{"line":5,"column":5},"end":{"line":17,"column":1}},"line":5}},"branchMap":{"0":{"loc":{"start":{"line":8,"column":2},"end":{"line":10,"column":3}},"type":"if","locations":[{"start":{"line":8,"column":2},"end":{"line":10,"column":3}},{"start":{},"end":{}}],"line":8},"1":{"loc":{"start":{"line":12,"column":2},"end":{"line":14,"column":3}},"type":"if","locations":[{"start":{"line":12,"column":2},"end":{"line":14,"column":3}},{"start":{},"end":{}}],"line":12}},"s":{"0":0,"1":0,"2":0,"3":0,"4":0,"5":0,"6":0},"f":{"0":0},"b":{"0":[0,0],"1":[0,0]}}
,"C:\\Projet\\ESS\\stationnex-card\\src\\common\\api\\auth-api.ts": {"path":"C:\\Projet\\ESS\\stationnex-card\\src\\common\\api\\auth-api.ts","statementMap":{"0":{"start":{"line":4,"column":16},"end":{"line":4,"column":23}},"1":{"start":{"line":6,"column":21},"end":{"line":14,"column":1}},"2":{"start":{"line":7,"column":19},"end":{"line":11,"column":4}},"3":{"start":{"line":13,"column":2},"end":{"line":13,"column":23}},"4":{"start":{"line":15,"column":26},"end":{"line":18,"column":1}},"5":{"start":{"line":16,"column":19},"end":{"line":16,"column":66}},"6":{"start":{"line":17,"column":2},"end":{"line":17,"column":23}},"7":{"start":{"line":20,"column":27},"end":{"line":23,"column":1}},"8":{"start":{"line":21,"column":19},"end":{"line":21,"column":75}},"9":{"start":{"line":22,"column":2},"end":{"line":22,"column":23}}},"fnMap":{"0":{"name":"(anonymous_0)","decl":{"start":{"line":6,"column":21},"end":{"line":6,"column":22}},"loc":{"start":{"line":6,"column":67},"end":{"line":14,"column":1}},"line":6},"1":{"name":"(anonymous_1)","decl":{"start":{"line":15,"column":26},"end":{"line":15,"column":27}},"loc":{"start":{"line":15,"column":55},"end":{"line":18,"column":1}},"line":15},"2":{"name":"(anonymous_2)","decl":{"start":{"line":20,"column":27},"end":{"line":20,"column":28}},"loc":{"start":{"line":20,"column":67},"end":{"line":23,"column":1}},"line":20}},"branchMap":{},"s":{"0":0,"1":0,"2":0,"3":0,"4":0,"5":0,"6":0,"7":0,"8":0,"9":0},"f":{"0":0,"1":0,"2":0},"b":{}}
,"C:\\Projet\\ESS\\stationnex-card\\src\\common\\api\\axios.ts": {"path":"C:\\Projet\\ESS\\stationnex-card\\src\\common\\api\\axios.ts","statementMap":{"0":{"start":{"line":4,"column":12},"end":{"line":7,"column":2}},"1":{"start":{"line":10,"column":0},"end":{"line":19,"column":2}},"2":{"start":{"line":12,"column":17},"end":{"line":12,"column":69}},"3":{"start":{"line":13,"column":4},"end":{"line":15,"column":5}},"4":{"start":{"line":14,"column":6},"end":{"line":14,"column":60}},"5":{"start":{"line":16,"column":4},"end":{"line":16,"column":18}},"6":{"start":{"line":18,"column":13},"end":{"line":18,"column":34}}},"fnMap":{"0":{"name":"(anonymous_0)","decl":{"start":{"line":11,"column":2},"end":{"line":11,"column":3}},"loc":{"start":{"line":11,"column":14},"end":{"line":17,"column":3}},"line":11},"1":{"name":"(anonymous_1)","decl":{"start":{"line":18,"column":2},"end":{"line":18,"column":3}},"loc":{"start":{"line":18,"column":13},"end":{"line":18,"column":34}},"line":18}},"branchMap":{"0":{"loc":{"start":{"line":13,"column":4},"end":{"line":15,"column":5}},"type":"if","locations":[{"start":{"line":13,"column":4},"end":{"line":15,"column":5}},{"start":{},"end":{}}],"line":13}},"s":{"0":1,"1":1,"2":0,"3":0,"4":0,"5":0,"6":0},"f":{"0":0,"1":0},"b":{"0":[0,0]},"_coverageSchema":"1a1c01bbd47fc00a2c39e90264f33305004495a9","hash":"6d14998cd1c91499ae8a803b56915930eb9521e9"}
,"C:\\Projet\\ESS\\stationnex-card\\src\\common\\api\\card-api.ts": {"path":"C:\\Projet\\ESS\\stationnex-card\\src\\common\\api\\card-api.ts","statementMap":{"0":{"start":{"line":4,"column":25},"end":{"line":4,"column":36}},"1":{"start":{"line":5,"column":16},"end":{"line":5,"column":23}},"2":{"start":{"line":14,"column":29},"end":{"line":45,"column":1}},"3":{"start":{"line":19,"column":12},"end":{"line":19,"column":76}},"4":{"start":{"line":21,"column":52},"end":{"line":21,"column":70}},"5":{"start":{"line":23,"column":23},"end":{"line":23,"column":44}},"6":{"start":{"line":25,"column":2},"end":{"line":27,"column":3}},"7":{"start":{"line":26,"column":4},"end":{"line":26,"column":21}},"8":{"start":{"line":30,"column":2},"end":{"line":32,"column":3}},"9":{"start":{"line":31,"column":4},"end":{"line":31,"column":42}},"10":{"start":{"line":33,"column":2},"end":{"line":35,"column":3}},"11":{"start":{"line":34,"column":4},"end":{"line":34,"column":42}},"12":{"start":{"line":36,"column":2},"end":{"line":38,"column":3}},"13":{"start":{"line":37,"column":4},"end":{"line":37,"column":40}},"14":{"start":{"line":39,"column":2},"end":{"line":41,"column":3}},"15":{"start":{"line":40,"column":4},"end":{"line":40,"column":58}},"16":{"start":{"line":43,"column":19},"end":{"line":43,"column":69}},"17":{"start":{"line":44,"column":2},"end":{"line":44,"column":23}},"18":{"start":{"line":47,"column":23},"end":{"line":56,"column":1}},"19":{"start":{"line":51,"column":19},"end":{"line":54,"column":3}},"20":{"start":{"line":55,"column":2},"end":{"line":55,"column":23}},"21":{"start":{"line":57,"column":26},"end":{"line":66,"column":1}},"22":{"start":{"line":61,"column":19},"end":{"line":64,"column":3}},"23":{"start":{"line":65,"column":2},"end":{"line":65,"column":23}},"24":{"start":{"line":68,"column":31},"end":{"line":76,"column":1}},"25":{"start":{"line":72,"column":19},"end":{"line":74,"column":3}},"26":{"start":{"line":75,"column":2},"end":{"line":75,"column":23}},"27":{"start":{"line":77,"column":28},"end":{"line":83,"column":1}},"28":{"start":{"line":78,"column":19},"end":{"line":80,"column":3}},"29":{"start":{"line":82,"column":2},"end":{"line":82,"column":23}},"30":{"start":{"line":85,"column":30},"end":{"line":90,"column":1}},"31":{"start":{"line":86,"column":19},"end":{"line":88,"column":3}},"32":{"start":{"line":89,"column":2},"end":{"line":89,"column":23}}},"fnMap":{"0":{"name":"(anonymous_0)","decl":{"start":{"line":14,"column":29},"end":{"line":14,"column":30}},"loc":{"start":{"line":18,"column":29},"end":{"line":45,"column":1}},"line":18},"1":{"name":"(anonymous_1)","decl":{"start":{"line":47,"column":23},"end":{"line":47,"column":24}},"loc":{"start":{"line":50,"column":27},"end":{"line":56,"column":1}},"line":50},"2":{"name":"(anonymous_2)","decl":{"start":{"line":57,"column":26},"end":{"line":57,"column":27}},"loc":{"start":{"line":60,"column":27},"end":{"line":66,"column":1}},"line":60},"3":{"name":"(anonymous_3)","decl":{"start":{"line":68,"column":31},"end":{"line":68,"column":32}},"loc":{"start":{"line":71,"column":27},"end":{"line":76,"column":1}},"line":71},"4":{"name":"(anonymous_4)","decl":{"start":{"line":77,"column":28},"end":{"line":77,"column":29}},"loc":{"start":{"line":77,"column":70},"end":{"line":83,"column":1}},"line":77},"5":{"name":"(anonymous_5)","decl":{"start":{"line":85,"column":30},"end":{"line":85,"column":31}},"loc":{"start":{"line":85,"column":72},"end":{"line":90,"column":1}},"line":85}},"branchMap":{"0":{"loc":{"start":{"line":15,"column":2},"end":{"line":17,"column":3}},"type":"default-arg","locations":[{"start":{"line":15,"column":43},"end":{"line":17,"column":3}}],"line":15},"1":{"loc":{"start":{"line":25,"column":2},"end":{"line":27,"column":3}},"type":"if","locations":[{"start":{"line":25,"column":2},"end":{"line":27,"column":3}},{"start":{},"end":{}}],"line":25},"2":{"loc":{"start":{"line":25,"column":6},"end":{"line":25,"column":49}},"type":"binary-expr","locations":[{"start":{"line":25,"column":6},"end":{"line":25,"column":12}},{"start":{"line":25,"column":16},"end":{"line":25,"column":22}},{"start":{"line":25,"column":26},"end":{"line":25,"column":31}},{"start":{"line":25,"column":35},"end":{"line":25,"column":49}}],"line":25},"3":{"loc":{"start":{"line":30,"column":2},"end":{"line":32,"column":3}},"type":"if","locations":[{"start":{"line":30,"column":2},"end":{"line":32,"column":3}},{"start":{},"end":{}}],"line":30},"4":{"loc":{"start":{"line":33,"column":2},"end":{"line":35,"column":3}},"type":"if","locations":[{"start":{"line":33,"column":2},"end":{"line":35,"column":3}},{"start":{},"end":{}}],"line":33},"5":{"loc":{"start":{"line":36,"column":2},"end":{"line":38,"column":3}},"type":"if","locations":[{"start":{"line":36,"column":2},"end":{"line":38,"column":3}},{"start":{},"end":{}}],"line":36},"6":{"loc":{"start":{"line":39,"column":2},"end":{"line":41,"column":3}},"type":"if","locations":[{"start":{"line":39,"column":2},"end":{"line":41,"column":3}},{"start":{},"end":{}}],"line":39}},"s":{"0":0,"1":0,"2":0,"3":0,"4":0,"5":0,"6":0,"7":0,"8":0,"9":0,"10":0,"11":0,"12":0,"13":0,"14":0,"15":0,"16":0,"17":0,"18":0,"19":0,"20":0,"21":0,"22":0,"23":0,"24":0,"25":0,"26":0,"27":0,"28":0,"29":0,"30":0,"31":0,"32":0},"f":{"0":0,"1":0,"2":0,"3":0,"4":0,"5":0},"b":{"0":[0],"1":[0,0],"2":[0,0,0,0],"3":[0,0],"4":[0,0],"5":[0,0],"6":[0,0]}}
,"C:\\Projet\\ESS\\stationnex-card\\src\\common\\api\\chart-api.ts": {"path":"C:\\Projet\\ESS\\stationnex-card\\src\\common\\api\\chart-api.ts","statementMap":{"0":{"start":{"line":3,"column":16},"end":{"line":3,"column":30}},"1":{"start":{"line":5,"column":40},"end":{"line":20,"column":1}},"2":{"start":{"line":11,"column":12},"end":{"line":11,"column":97}},"3":{"start":{"line":13,"column":2},"end":{"line":15,"column":3}},"4":{"start":{"line":14,"column":4},"end":{"line":14,"column":32}},"5":{"start":{"line":17,"column":19},"end":{"line":17,"column":37}},"6":{"start":{"line":19,"column":2},"end":{"line":19,"column":23}},"7":{"start":{"line":22,"column":29},"end":{"line":37,"column":1}},"8":{"start":{"line":28,"column":12},"end":{"line":28,"column":102}},"9":{"start":{"line":30,"column":2},"end":{"line":32,"column":3}},"10":{"start":{"line":31,"column":4},"end":{"line":31,"column":32}},"11":{"start":{"line":34,"column":19},"end":{"line":34,"column":37}},"12":{"start":{"line":36,"column":2},"end":{"line":36,"column":23}}},"fnMap":{"0":{"name":"(anonymous_0)","decl":{"start":{"line":5,"column":40},"end":{"line":5,"column":41}},"loc":{"start":{"line":10,"column":5},"end":{"line":20,"column":1}},"line":10},"1":{"name":"(anonymous_1)","decl":{"start":{"line":22,"column":29},"end":{"line":22,"column":30}},"loc":{"start":{"line":27,"column":5},"end":{"line":37,"column":1}},"line":27}},"branchMap":{"0":{"loc":{"start":{"line":13,"column":2},"end":{"line":15,"column":3}},"type":"if","locations":[{"start":{"line":13,"column":2},"end":{"line":15,"column":3}},{"start":{},"end":{}}],"line":13},"1":{"loc":{"start":{"line":30,"column":2},"end":{"line":32,"column":3}},"type":"if","locations":[{"start":{"line":30,"column":2},"end":{"line":32,"column":3}},{"start":{},"end":{}}],"line":30}},"s":{"0":0,"1":0,"2":0,"3":0,"4":0,"5":0,"6":0,"7":0,"8":0,"9":0,"10":0,"11":0,"12":0},"f":{"0":0,"1":0},"b":{"0":[0,0],"1":[0,0]}}
,"C:\\Projet\\ESS\\stationnex-card\\src\\common\\api\\configuration-api.ts": {"path":"C:\\Projet\\ESS\\stationnex-card\\src\\common\\api\\configuration-api.ts","statementMap":{"0":{"start":{"line":4,"column":33},"end":{"line":29,"column":1}},"1":{"start":{"line":13,"column":19},"end":{"line":26,"column":3}},"2":{"start":{"line":28,"column":2},"end":{"line":28,"column":23}}},"fnMap":{"0":{"name":"(anonymous_0)","decl":{"start":{"line":4,"column":33},"end":{"line":4,"column":34}},"loc":{"start":{"line":12,"column":6},"end":{"line":29,"column":1}},"line":12}},"branchMap":{"0":{"loc":{"start":{"line":16,"column":15},"end":{"line":16,"column":69}},"type":"cond-expr","locations":[{"start":{"line":16,"column":46},"end":{"line":16,"column":50}},{"start":{"line":16,"column":53},"end":{"line":16,"column":69}}],"line":16},"1":{"loc":{"start":{"line":18,"column":8},"end":{"line":18,"column":72}},"type":"cond-expr","locations":[{"start":{"line":18,"column":44},"end":{"line":18,"column":48}},{"start":{"line":18,"column":51},"end":{"line":18,"column":72}}],"line":18},"2":{"loc":{"start":{"line":19,"column":18},"end":{"line":19,"column":78}},"type":"cond-expr","locations":[{"start":{"line":19,"column":52},"end":{"line":19,"column":56}},{"start":{"line":19,"column":59},"end":{"line":19,"column":78}}],"line":19},"3":{"loc":{"start":{"line":20,"column":12},"end":{"line":20,"column":60}},"type":"cond-expr","locations":[{"start":{"line":20,"column":40},"end":{"line":20,"column":44}},{"start":{"line":20,"column":47},"end":{"line":20,"column":60}}],"line":20}},"s":{"0":0,"1":0,"2":0},"f":{"0":0},"b":{"0":[0,0],"1":[0,0],"2":[0,0],"3":[0,0]}}
,"C:\\Projet\\ESS\\stationnex-card\\src\\common\\api\\forgot-password-api.ts": {"path":"C:\\Projet\\ESS\\stationnex-card\\src\\common\\api\\forgot-password-api.ts","statementMap":{"0":{"start":{"line":3,"column":16},"end":{"line":3,"column":23}},"1":{"start":{"line":5,"column":30},"end":{"line":8,"column":1}},"2":{"start":{"line":6,"column":22},"end":{"line":6,"column":81}},"3":{"start":{"line":7,"column":4},"end":{"line":7,"column":25}},"4":{"start":{"line":10,"column":29},"end":{"line":13,"column":1}},"5":{"start":{"line":11,"column":23},"end":{"line":11,"column":104}},"6":{"start":{"line":12,"column":6},"end":{"line":12,"column":27}}},"fnMap":{"0":{"name":"(anonymous_0)","decl":{"start":{"line":5,"column":30},"end":{"line":5,"column":31}},"loc":{"start":{"line":5,"column":55},"end":{"line":8,"column":1}},"line":5},"1":{"name":"(anonymous_1)","decl":{"start":{"line":10,"column":29},"end":{"line":10,"column":30}},"loc":{"start":{"line":10,"column":84},"end":{"line":13,"column":1}},"line":10}},"branchMap":{},"s":{"0":0,"1":0,"2":0,"3":0,"4":0,"5":0,"6":0},"f":{"0":0,"1":0},"b":{}}
,"C:\\Projet\\ESS\\stationnex-card\\src\\common\\api\\management-station-api.ts": {"path":"C:\\Projet\\ESS\\stationnex-card\\src\\common\\api\\management-station-api.ts","statementMap":{"0":{"start":{"line":13,"column":16},"end":{"line":13,"column":26}},"1":{"start":{"line":15,"column":36},"end":{"line":21,"column":1}},"2":{"start":{"line":18,"column":19},"end":{"line":18,"column":73}},"3":{"start":{"line":20,"column":2},"end":{"line":20,"column":23}},"4":{"start":{"line":23,"column":36},"end":{"line":31,"column":1}},"5":{"start":{"line":26,"column":19},"end":{"line":28,"column":3}},"6":{"start":{"line":30,"column":2},"end":{"line":30,"column":23}},"7":{"start":{"line":33,"column":27},"end":{"line":42,"column":1}},"8":{"start":{"line":37,"column":19},"end":{"line":40,"column":3}},"9":{"start":{"line":41,"column":2},"end":{"line":41,"column":23}},"10":{"start":{"line":43,"column":30},"end":{"line":52,"column":1}},"11":{"start":{"line":47,"column":19},"end":{"line":50,"column":3}},"12":{"start":{"line":51,"column":2},"end":{"line":51,"column":23}},"13":{"start":{"line":53,"column":30},"end":{"line":61,"column":1}},"14":{"start":{"line":57,"column":19},"end":{"line":59,"column":3}},"15":{"start":{"line":60,"column":2},"end":{"line":60,"column":23}},"16":{"start":{"line":62,"column":35},"end":{"line":69,"column":1}},"17":{"start":{"line":66,"column":19},"end":{"line":66,"column":79}},"18":{"start":{"line":68,"column":2},"end":{"line":68,"column":23}},"19":{"start":{"line":71,"column":32},"end":{"line":82,"column":1}},"20":{"start":{"line":75,"column":19},"end":{"line":79,"column":3}},"21":{"start":{"line":81,"column":2},"end":{"line":81,"column":23}},"22":{"start":{"line":84,"column":36},"end":{"line":94,"column":1}},"23":{"start":{"line":88,"column":19},"end":{"line":92,"column":3}},"24":{"start":{"line":93,"column":2},"end":{"line":93,"column":23}},"25":{"start":{"line":96,"column":43},"end":{"line":105,"column":1}},"26":{"start":{"line":101,"column":19},"end":{"line":103,"column":3}},"27":{"start":{"line":104,"column":2},"end":{"line":104,"column":23}},"28":{"start":{"line":107,"column":42},"end":{"line":116,"column":1}},"29":{"start":{"line":112,"column":19},"end":{"line":114,"column":3}},"30":{"start":{"line":115,"column":2},"end":{"line":115,"column":23}},"31":{"start":{"line":118,"column":50},"end":{"line":127,"column":1}},"32":{"start":{"line":122,"column":19},"end":{"line":125,"column":3}},"33":{"start":{"line":126,"column":2},"end":{"line":126,"column":23}},"34":{"start":{"line":129,"column":37},"end":{"line":138,"column":1}},"35":{"start":{"line":133,"column":19},"end":{"line":136,"column":3}},"36":{"start":{"line":137,"column":2},"end":{"line":137,"column":23}},"37":{"start":{"line":140,"column":42},"end":{"line":149,"column":1}},"38":{"start":{"line":144,"column":19},"end":{"line":146,"column":3}},"39":{"start":{"line":148,"column":2},"end":{"line":148,"column":23}},"40":{"start":{"line":151,"column":42},"end":{"line":159,"column":1}},"41":{"start":{"line":155,"column":19},"end":{"line":157,"column":3}},"42":{"start":{"line":158,"column":2},"end":{"line":158,"column":23}},"43":{"start":{"line":161,"column":44},"end":{"line":169,"column":1}},"44":{"start":{"line":165,"column":19},"end":{"line":167,"column":3}},"45":{"start":{"line":168,"column":2},"end":{"line":168,"column":23}},"46":{"start":{"line":171,"column":35},"end":{"line":180,"column":1}},"47":{"start":{"line":175,"column":19},"end":{"line":178,"column":3}},"48":{"start":{"line":179,"column":2},"end":{"line":179,"column":23}}},"fnMap":{"0":{"name":"(anonymous_0)","decl":{"start":{"line":15,"column":36},"end":{"line":15,"column":37}},"loc":{"start":{"line":17,"column":26},"end":{"line":21,"column":1}},"line":17},"1":{"name":"(anonymous_1)","decl":{"start":{"line":23,"column":36},"end":{"line":23,"column":37}},"loc":{"start":{"line":25,"column":24},"end":{"line":31,"column":1}},"line":25},"2":{"name":"(anonymous_2)","decl":{"start":{"line":33,"column":27},"end":{"line":33,"column":28}},"loc":{"start":{"line":36,"column":20},"end":{"line":42,"column":1}},"line":36},"3":{"name":"(anonymous_3)","decl":{"start":{"line":43,"column":30},"end":{"line":43,"column":31}},"loc":{"start":{"line":46,"column":20},"end":{"line":52,"column":1}},"line":46},"4":{"name":"(anonymous_4)","decl":{"start":{"line":53,"column":30},"end":{"line":53,"column":31}},"loc":{"start":{"line":56,"column":20},"end":{"line":61,"column":1}},"line":56},"5":{"name":"(anonymous_5)","decl":{"start":{"line":62,"column":35},"end":{"line":62,"column":36}},"loc":{"start":{"line":65,"column":24},"end":{"line":69,"column":1}},"line":65},"6":{"name":"(anonymous_6)","decl":{"start":{"line":71,"column":32},"end":{"line":71,"column":33}},"loc":{"start":{"line":74,"column":24},"end":{"line":82,"column":1}},"line":74},"7":{"name":"(anonymous_7)","decl":{"start":{"line":84,"column":36},"end":{"line":84,"column":37}},"loc":{"start":{"line":87,"column":35},"end":{"line":94,"column":1}},"line":87},"8":{"name":"(anonymous_8)","decl":{"start":{"line":96,"column":43},"end":{"line":96,"column":44}},"loc":{"start":{"line":100,"column":5},"end":{"line":105,"column":1}},"line":100},"9":{"name":"(anonymous_9)","decl":{"start":{"line":107,"column":42},"end":{"line":107,"column":43}},"loc":{"start":{"line":111,"column":5},"end":{"line":116,"column":1}},"line":111},"10":{"name":"(anonymous_10)","decl":{"start":{"line":118,"column":50},"end":{"line":118,"column":51}},"loc":{"start":{"line":121,"column":20},"end":{"line":127,"column":1}},"line":121},"11":{"name":"(anonymous_11)","decl":{"start":{"line":129,"column":37},"end":{"line":129,"column":38}},"loc":{"start":{"line":132,"column":20},"end":{"line":138,"column":1}},"line":132},"12":{"name":"(anonymous_12)","decl":{"start":{"line":140,"column":42},"end":{"line":140,"column":43}},"loc":{"start":{"line":143,"column":39},"end":{"line":149,"column":1}},"line":143},"13":{"name":"(anonymous_13)","decl":{"start":{"line":151,"column":42},"end":{"line":151,"column":43}},"loc":{"start":{"line":154,"column":5},"end":{"line":159,"column":1}},"line":154},"14":{"name":"(anonymous_14)","decl":{"start":{"line":161,"column":44},"end":{"line":161,"column":45}},"loc":{"start":{"line":164,"column":5},"end":{"line":169,"column":1}},"line":164},"15":{"name":"(anonymous_15)","decl":{"start":{"line":171,"column":35},"end":{"line":171,"column":36}},"loc":{"start":{"line":174,"column":20},"end":{"line":180,"column":1}},"line":174}},"branchMap":{},"s":{"0":0,"1":0,"2":0,"3":0,"4":0,"5":0,"6":0,"7":0,"8":0,"9":0,"10":0,"11":0,"12":0,"13":0,"14":0,"15":0,"16":0,"17":0,"18":0,"19":0,"20":0,"21":0,"22":0,"23":0,"24":0,"25":0,"26":0,"27":0,"28":0,"29":0,"30":0,"31":0,"32":0,"33":0,"34":0,"35":0,"36":0,"37":0,"38":0,"39":0,"40":0,"41":0,"42":0,"43":0,"44":0,"45":0,"46":0,"47":0,"48":0},"f":{"0":0,"1":0,"2":0,"3":0,"4":0,"5":0,"6":0,"7":0,"8":0,"9":0,"10":0,"11":0,"12":0,"13":0,"14":0,"15":0},"b":{}}
,"C:\\Projet\\ESS\\stationnex-card\\src\\common\\api\\product-api.ts": {"path":"C:\\Projet\\ESS\\stationnex-card\\src\\common\\api\\product-api.ts","statementMap":{"0":{"start":{"line":4,"column":25},"end":{"line":4,"column":44}},"1":{"start":{"line":6,"column":26},"end":{"line":11,"column":1}},"2":{"start":{"line":7,"column":19},"end":{"line":9,"column":3}},"3":{"start":{"line":10,"column":2},"end":{"line":10,"column":23}}},"fnMap":{"0":{"name":"(anonymous_0)","decl":{"start":{"line":6,"column":26},"end":{"line":6,"column":27}},"loc":{"start":{"line":6,"column":63},"end":{"line":11,"column":1}},"line":6}},"branchMap":{},"s":{"0":0,"1":0,"2":0,"3":0},"f":{"0":0},"b":{}}
,"C:\\Projet\\ESS\\stationnex-card\\src\\common\\api\\reference-data-api.ts": {"path":"C:\\Projet\\ESS\\stationnex-card\\src\\common\\api\\reference-data-api.ts","statementMap":{"0":{"start":{"line":3,"column":16},"end":{"line":3,"column":32}},"1":{"start":{"line":5,"column":32},"end":{"line":9,"column":3}},"2":{"start":{"line":6,"column":21},"end":{"line":6,"column":58}},"3":{"start":{"line":8,"column":4},"end":{"line":8,"column":25}}},"fnMap":{"0":{"name":"(anonymous_0)","decl":{"start":{"line":5,"column":32},"end":{"line":5,"column":33}},"loc":{"start":{"line":5,"column":44},"end":{"line":9,"column":3}},"line":5}},"branchMap":{},"s":{"0":0,"1":0,"2":0,"3":0},"f":{"0":0},"b":{}}
,"C:\\Projet\\ESS\\stationnex-card\\src\\common\\api\\sale-point-api.ts": {"path":"C:\\Projet\\ESS\\stationnex-card\\src\\common\\api\\sale-point-api.ts","statementMap":{"0":{"start":{"line":4,"column":25},"end":{"line":4,"column":36}},"1":{"start":{"line":5,"column":16},"end":{"line":5,"column":28}},"2":{"start":{"line":7,"column":28},"end":{"line":12,"column":1}},"3":{"start":{"line":8,"column":19},"end":{"line":10,"column":3}},"4":{"start":{"line":11,"column":2},"end":{"line":11,"column":23}}},"fnMap":{"0":{"name":"(anonymous_0)","decl":{"start":{"line":7,"column":28},"end":{"line":7,"column":29}},"loc":{"start":{"line":7,"column":70},"end":{"line":12,"column":1}},"line":7}},"branchMap":{},"s":{"0":1,"1":1,"2":1,"3":0,"4":0},"f":{"0":0},"b":{},"_coverageSchema":"1a1c01bbd47fc00a2c39e90264f33305004495a9","hash":"99cc39c3f9aba2d0a90cec71d2cfa16635ad0fb8"}
,"C:\\Projet\\ESS\\stationnex-card\\src\\common\\api\\statistique-api.ts": {"path":"C:\\Projet\\ESS\\stationnex-card\\src\\common\\api\\statistique-api.ts","statementMap":{"0":{"start":{"line":5,"column":16},"end":{"line":5,"column":23}},"1":{"start":{"line":7,"column":37},"end":{"line":11,"column":1}},"2":{"start":{"line":8,"column":19},"end":{"line":8,"column":79}},"3":{"start":{"line":10,"column":2},"end":{"line":10,"column":23}},"4":{"start":{"line":13,"column":35},"end":{"line":19,"column":1}},"5":{"start":{"line":14,"column":19},"end":{"line":16,"column":3}},"6":{"start":{"line":18,"column":2},"end":{"line":18,"column":23}},"7":{"start":{"line":21,"column":35},"end":{"line":33,"column":1}},"8":{"start":{"line":26,"column":12},"end":{"line":26,"column":68}},"9":{"start":{"line":28,"column":2},"end":{"line":28,"column":49}},"10":{"start":{"line":30,"column":19},"end":{"line":30,"column":37}},"11":{"start":{"line":32,"column":2},"end":{"line":32,"column":23}},"12":{"start":{"line":35,"column":33},"end":{"line":47,"column":1}},"13":{"start":{"line":40,"column":12},"end":{"line":40,"column":59}},"14":{"start":{"line":42,"column":2},"end":{"line":42,"column":49}},"15":{"start":{"line":44,"column":19},"end":{"line":44,"column":37}},"16":{"start":{"line":46,"column":2},"end":{"line":46,"column":23}},"17":{"start":{"line":49,"column":42},"end":{"line":62,"column":1}},"18":{"start":{"line":55,"column":12},"end":{"line":55,"column":77}},"19":{"start":{"line":57,"column":2},"end":{"line":57,"column":49}},"20":{"start":{"line":59,"column":19},"end":{"line":59,"column":37}},"21":{"start":{"line":61,"column":2},"end":{"line":61,"column":23}}},"fnMap":{"0":{"name":"(anonymous_0)","decl":{"start":{"line":7,"column":37},"end":{"line":7,"column":38}},"loc":{"start":{"line":7,"column":65},"end":{"line":11,"column":1}},"line":7},"1":{"name":"(anonymous_1)","decl":{"start":{"line":13,"column":35},"end":{"line":13,"column":36}},"loc":{"start":{"line":13,"column":77},"end":{"line":19,"column":1}},"line":13},"2":{"name":"(anonymous_2)","decl":{"start":{"line":21,"column":35},"end":{"line":21,"column":36}},"loc":{"start":{"line":25,"column":24},"end":{"line":33,"column":1}},"line":25},"3":{"name":"(anonymous_3)","decl":{"start":{"line":35,"column":33},"end":{"line":35,"column":34}},"loc":{"start":{"line":39,"column":5},"end":{"line":47,"column":1}},"line":39},"4":{"name":"(anonymous_4)","decl":{"start":{"line":49,"column":42},"end":{"line":49,"column":43}},"loc":{"start":{"line":54,"column":5},"end":{"line":62,"column":1}},"line":54}},"branchMap":{},"s":{"0":0,"1":0,"2":0,"3":0,"4":0,"5":0,"6":0,"7":0,"8":0,"9":0,"10":0,"11":0,"12":0,"13":0,"14":0,"15":0,"16":0,"17":0,"18":0,"19":0,"20":0,"21":0},"f":{"0":0,"1":0,"2":0,"3":0,"4":0},"b":{}}
,"C:\\Projet\\ESS\\stationnex-card\\src\\common\\api\\websocket-api.ts": {"path":"C:\\Projet\\ESS\\stationnex-card\\src\\common\\api\\websocket-api.ts","statementMap":{"0":{"start":{"line":3,"column":16},"end":{"line":3,"column":35}},"1":{"start":{"line":5,"column":42},"end":{"line":22,"column":1}},"2":{"start":{"line":6,"column":15},"end":{"line":17,"column":3}},"3":{"start":{"line":19,"column":19},"end":{"line":19,"column":48}},"4":{"start":{"line":21,"column":2},"end":{"line":21,"column":23}},"5":{"start":{"line":24,"column":43},"end":{"line":42,"column":1}},"6":{"start":{"line":26,"column":15},"end":{"line":37,"column":3}},"7":{"start":{"line":39,"column":19},"end":{"line":39,"column":48}},"8":{"start":{"line":41,"column":2},"end":{"line":41,"column":23}},"9":{"start":{"line":44,"column":38},"end":{"line":62,"column":1}},"10":{"start":{"line":45,"column":15},"end":{"line":57,"column":3}},"11":{"start":{"line":59,"column":19},"end":{"line":59,"column":48}},"12":{"start":{"line":61,"column":2},"end":{"line":61,"column":23}},"13":{"start":{"line":64,"column":37},"end":{"line":83,"column":1}},"14":{"start":{"line":66,"column":15},"end":{"line":78,"column":3}},"15":{"start":{"line":80,"column":19},"end":{"line":80,"column":48}},"16":{"start":{"line":82,"column":2},"end":{"line":82,"column":23}},"17":{"start":{"line":85,"column":33},"end":{"line":111,"column":1}},"18":{"start":{"line":91,"column":15},"end":{"line":106,"column":3}},"19":{"start":{"line":108,"column":19},"end":{"line":108,"column":48}},"20":{"start":{"line":110,"column":2},"end":{"line":110,"column":23}},"21":{"start":{"line":113,"column":39},"end":{"line":135,"column":1}},"22":{"start":{"line":118,"column":15},"end":{"line":130,"column":3}},"23":{"start":{"line":132,"column":19},"end":{"line":132,"column":48}},"24":{"start":{"line":134,"column":2},"end":{"line":134,"column":23}},"25":{"start":{"line":137,"column":37},"end":{"line":155,"column":1}},"26":{"start":{"line":138,"column":13},"end":{"line":150,"column":3}},"27":{"start":{"line":152,"column":19},"end":{"line":152,"column":48}},"28":{"start":{"line":154,"column":2},"end":{"line":154,"column":23}}},"fnMap":{"0":{"name":"(anonymous_0)","decl":{"start":{"line":5,"column":42},"end":{"line":5,"column":43}},"loc":{"start":{"line":5,"column":72},"end":{"line":22,"column":1}},"line":5},"1":{"name":"(anonymous_1)","decl":{"start":{"line":24,"column":43},"end":{"line":24,"column":44}},"loc":{"start":{"line":24,"column":74},"end":{"line":42,"column":1}},"line":24},"2":{"name":"(anonymous_2)","decl":{"start":{"line":44,"column":38},"end":{"line":44,"column":39}},"loc":{"start":{"line":44,"column":79},"end":{"line":62,"column":1}},"line":44},"3":{"name":"(anonymous_3)","decl":{"start":{"line":64,"column":37},"end":{"line":64,"column":38}},"loc":{"start":{"line":64,"column":77},"end":{"line":83,"column":1}},"line":64},"4":{"name":"(anonymous_4)","decl":{"start":{"line":85,"column":33},"end":{"line":85,"column":34}},"loc":{"start":{"line":90,"column":5},"end":{"line":111,"column":1}},"line":90},"5":{"name":"(anonymous_5)","decl":{"start":{"line":113,"column":39},"end":{"line":113,"column":40}},"loc":{"start":{"line":116,"column":5},"end":{"line":135,"column":1}},"line":116},"6":{"name":"(anonymous_6)","decl":{"start":{"line":137,"column":37},"end":{"line":137,"column":38}},"loc":{"start":{"line":137,"column":61},"end":{"line":155,"column":1}},"line":137}},"branchMap":{},"s":{"0":0,"1":0,"2":0,"3":0,"4":0,"5":0,"6":0,"7":0,"8":0,"9":0,"10":0,"11":0,"12":0,"13":0,"14":0,"15":0,"16":0,"17":0,"18":0,"19":0,"20":0,"21":0,"22":0,"23":0,"24":0,"25":0,"26":0,"27":0,"28":0},"f":{"0":0,"1":0,"2":0,"3":0,"4":0,"5":0,"6":0},"b":{}}
,"C:\\Projet\\ESS\\stationnex-card\\src\\components\\LanguageSelector.tsx": {"path":"C:\\Projet\\ESS\\stationnex-card\\src\\components\\LanguageSelector.tsx","statementMap":{"0":{"start":{"line":14,"column":25},"end":{"line":66,"column":1}},"1":{"start":{"line":15,"column":19},"end":{"line":15,"column":35}},"2":{"start":{"line":17,"column":25},"end":{"line":19,"column":3}},"3":{"start":{"line":18,"column":4},"end":{"line":18,"column":30}},"4":{"start":{"line":21,"column":26},"end":{"line":25,"column":3}},"5":{"start":{"line":27,"column":2},"end":{"line":65,"column":4}},"6":{"start":{"line":32,"column":45},"end":{"line":32,"column":75}},"7":{"start":{"line":41,"column":10},"end":{"line":61,"column":21}},"8":{"start":{"line":43,"column":27},"end":{"line":43,"column":55}}},"fnMap":{"0":{"name":"(anonymous_0)","decl":{"start":{"line":14,"column":25},"end":{"line":14,"column":26}},"loc":{"start":{"line":14,"column":31},"end":{"line":66,"column":1}},"line":14},"1":{"name":"(anonymous_1)","decl":{"start":{"line":17,"column":25},"end":{"line":17,"column":26}},"loc":{"start":{"line":17,"column":43},"end":{"line":19,"column":3}},"line":17},"2":{"name":"(anonymous_2)","decl":{"start":{"line":32,"column":33},"end":{"line":32,"column":34}},"loc":{"start":{"line":32,"column":45},"end":{"line":32,"column":75}},"line":32},"3":{"name":"(anonymous_3)","decl":{"start":{"line":40,"column":29},"end":{"line":40,"column":30}},"loc":{"start":{"line":41,"column":10},"end":{"line":61,"column":21}},"line":41},"4":{"name":"(anonymous_4)","decl":{"start":{"line":43,"column":21},"end":{"line":43,"column":22}},"loc":{"start":{"line":43,"column":27},"end":{"line":43,"column":55}},"line":43}},"branchMap":{"0":{"loc":{"start":{"line":55,"column":15},"end":{"line":59,"column":15}},"type":"binary-expr","locations":[{"start":{"line":55,"column":15},"end":{"line":55,"column":45}},{"start":{"line":56,"column":16},"end":{"line":58,"column":23}}],"line":55}},"s":{"0":0,"1":0,"2":0,"3":0,"4":0,"5":0,"6":0,"7":0,"8":0},"f":{"0":0,"1":0,"2":0,"3":0,"4":0},"b":{"0":[0,0]}}
,"C:\\Projet\\ESS\\stationnex-card\\src\\components\\Card\\Card.tsx": {"path":"C:\\Projet\\ESS\\stationnex-card\\src\\components\\Card\\Card.tsx","statementMap":{"0":{"start":{"line":3,"column":13},"end":{"line":12,"column":1}},"1":{"start":{"line":4,"column":41},"end":{"line":4,"column":46}},"2":{"start":{"line":5,"column":17},"end":{"line":5,"column":52}},"3":{"start":{"line":7,"column":2},"end":{"line":11,"column":4}}},"fnMap":{"0":{"name":"(anonymous_0)","decl":{"start":{"line":3,"column":13},"end":{"line":3,"column":14}},"loc":{"start":{"line":3,"column":29},"end":{"line":12,"column":1}},"line":3}},"branchMap":{},"s":{"0":0,"1":0,"2":0,"3":0},"f":{"0":0},"b":{}}
,"C:\\Projet\\ESS\\stationnex-card\\src\\components\\Card\\CardBody.tsx": {"path":"C:\\Projet\\ESS\\stationnex-card\\src\\components\\Card\\CardBody.tsx","statementMap":{"0":{"start":{"line":3,"column":17},"end":{"line":12,"column":1}},"1":{"start":{"line":4,"column":41},"end":{"line":4,"column":46}},"2":{"start":{"line":5,"column":17},"end":{"line":5,"column":56}},"3":{"start":{"line":7,"column":2},"end":{"line":11,"column":4}}},"fnMap":{"0":{"name":"(anonymous_0)","decl":{"start":{"line":3,"column":17},"end":{"line":3,"column":18}},"loc":{"start":{"line":3,"column":33},"end":{"line":12,"column":1}},"line":3}},"branchMap":{},"s":{"0":0,"1":0,"2":0,"3":0},"f":{"0":0},"b":{}}
,"C:\\Projet\\ESS\\stationnex-card\\src\\components\\Card\\CardHeader.tsx": {"path":"C:\\Projet\\ESS\\stationnex-card\\src\\components\\Card\\CardHeader.tsx","statementMap":{"0":{"start":{"line":3,"column":19},"end":{"line":12,"column":1}},"1":{"start":{"line":4,"column":41},"end":{"line":4,"column":46}},"2":{"start":{"line":5,"column":17},"end":{"line":5,"column":58}},"3":{"start":{"line":7,"column":2},"end":{"line":11,"column":4}}},"fnMap":{"0":{"name":"(anonymous_0)","decl":{"start":{"line":3,"column":19},"end":{"line":3,"column":20}},"loc":{"start":{"line":3,"column":35},"end":{"line":12,"column":1}},"line":3}},"branchMap":{},"s":{"0":0,"1":0,"2":0,"3":0},"f":{"0":0},"b":{}}
,"C:\\Projet\\ESS\\stationnex-card\\src\\components\\Card\\CustomCard.tsx": {"path":"C:\\Projet\\ESS\\stationnex-card\\src\\components\\Card\\CustomCard.tsx","statementMap":{"0":{"start":{"line":4,"column":19},"end":{"line":65,"column":1}},"1":{"start":{"line":10,"column":2},"end":{"line":64,"column":4}},"2":{"start":{"line":24,"column":21},"end":{"line":24,"column":35}}},"fnMap":{"0":{"name":"(anonymous_0)","decl":{"start":{"line":4,"column":19},"end":{"line":4,"column":20}},"loc":{"start":{"line":9,"column":23},"end":{"line":65,"column":1}},"line":9},"1":{"name":"(anonymous_1)","decl":{"start":{"line":24,"column":15},"end":{"line":24,"column":16}},"loc":{"start":{"line":24,"column":21},"end":{"line":24,"column":35}},"line":24}},"branchMap":{"0":{"loc":{"start":{"line":33,"column":9},"end":{"line":41,"column":9}},"type":"binary-expr","locations":[{"start":{"line":33,"column":9},"end":{"line":33,"column":15}},{"start":{"line":34,"column":10},"end":{"line":40,"column":12}}],"line":33},"1":{"loc":{"start":{"line":51,"column":11},"end":{"line":60,"column":11}},"type":"binary-expr","locations":[{"start":{"line":51,"column":11},"end":{"line":51,"column":22}},{"start":{"line":52,"column":12},"end":{"line":59,"column":19}}],"line":51}},"s":{"0":0,"1":0,"2":0},"f":{"0":0,"1":0},"b":{"0":[0,0],"1":[0,0]}}
,"C:\\Projet\\ESS\\stationnex-card\\src\\components\\Charts\\Fuelvolume.tsx": {"path":"C:\\Projet\\ESS\\stationnex-card\\src\\components\\Charts\\Fuelvolume.tsx","statementMap":{"0":{"start":{"line":8,"column":23},"end":{"line":161,"column":1}},"1":{"start":{"line":9,"column":16},"end":{"line":9,"column":32}},"2":{"start":{"line":10,"column":36},"end":{"line":13,"column":36}},"3":{"start":{"line":14,"column":25},"end":{"line":14,"column":34}},"4":{"start":{"line":16,"column":2},"end":{"line":32,"column":48}},"5":{"start":{"line":17,"column":22},"end":{"line":29,"column":5}},"6":{"start":{"line":18,"column":6},"end":{"line":28,"column":7}},"7":{"start":{"line":19,"column":21},"end":{"line":24,"column":9}},"8":{"start":{"line":25,"column":8},"end":{"line":25,"column":31}},"9":{"start":{"line":27,"column":8},"end":{"line":27,"column":59}},"10":{"start":{"line":31,"column":4},"end":{"line":31,"column":16}},"11":{"start":{"line":34,"column":27},"end":{"line":58,"column":3}},"12":{"start":{"line":35,"column":69},"end":{"line":35,"column":71}},"13":{"start":{"line":36,"column":36},"end":{"line":36,"column":45}},"14":{"start":{"line":38,"column":4},"end":{"line":45,"column":7}},"15":{"start":{"line":39,"column":6},"end":{"line":41,"column":7}},"16":{"start":{"line":40,"column":8},"end":{"line":40,"column":47}},"17":{"start":{"line":42,"column":6},"end":{"line":43,"column":24}},"18":{"start":{"line":44,"column":6},"end":{"line":44,"column":49}},"19":{"start":{"line":47,"column":26},"end":{"line":47,"column":48}},"20":{"start":{"line":49,"column":19},"end":{"line":52,"column":7}},"21":{"start":{"line":49,"column":63},"end":{"line":52,"column":5}},"22":{"start":{"line":51,"column":42},"end":{"line":51,"column":76}},"23":{"start":{"line":54,"column":4},"end":{"line":57,"column":7}},"24":{"start":{"line":60,"column":42},"end":{"line":149,"column":3}},"25":{"start":{"line":145,"column":10},"end":{"line":145,"column":26}},"26":{"start":{"line":151,"column":2},"end":{"line":160,"column":4}}},"fnMap":{"0":{"name":"(anonymous_0)","decl":{"start":{"line":8,"column":23},"end":{"line":8,"column":24}},"loc":{"start":{"line":8,"column":74},"end":{"line":161,"column":1}},"line":8},"1":{"name":"(anonymous_1)","decl":{"start":{"line":16,"column":12},"end":{"line":16,"column":13}},"loc":{"start":{"line":16,"column":18},"end":{"line":32,"column":3}},"line":16},"2":{"name":"(anonymous_2)","decl":{"start":{"line":17,"column":22},"end":{"line":17,"column":23}},"loc":{"start":{"line":17,"column":34},"end":{"line":29,"column":5}},"line":17},"3":{"name":"(anonymous_3)","decl":{"start":{"line":34,"column":27},"end":{"line":34,"column":28}},"loc":{"start":{"line":34,"column":44},"end":{"line":58,"column":3}},"line":34},"4":{"name":"(anonymous_4)","decl":{"start":{"line":38,"column":17},"end":{"line":38,"column":18}},"loc":{"start":{"line":38,"column":34},"end":{"line":45,"column":5}},"line":38},"5":{"name":"(anonymous_5)","decl":{"start":{"line":49,"column":47},"end":{"line":49,"column":48}},"loc":{"start":{"line":49,"column":63},"end":{"line":52,"column":5}},"line":49},"6":{"name":"(anonymous_6)","decl":{"start":{"line":51,"column":30},"end":{"line":51,"column":31}},"loc":{"start":{"line":51,"column":42},"end":{"line":51,"column":76}},"line":51},"7":{"name":"(anonymous_7)","decl":{"start":{"line":144,"column":19},"end":{"line":144,"column":20}},"loc":{"start":{"line":144,"column":42},"end":{"line":146,"column":9}},"line":144}},"branchMap":{"0":{"loc":{"start":{"line":39,"column":6},"end":{"line":41,"column":7}},"type":"if","locations":[{"start":{"line":39,"column":6},"end":{"line":41,"column":7}},{"start":{},"end":{}}],"line":39},"1":{"loc":{"start":{"line":51,"column":42},"end":{"line":51,"column":76}},"type":"binary-expr","locations":[{"start":{"line":51,"column":42},"end":{"line":51,"column":71}},{"start":{"line":51,"column":75},"end":{"line":51,"column":76}}],"line":51}},"s":{"0":0,"1":0,"2":0,"3":0,"4":0,"5":0,"6":0,"7":0,"8":0,"9":0,"10":0,"11":0,"12":0,"13":0,"14":0,"15":0,"16":0,"17":0,"18":0,"19":0,"20":0,"21":0,"22":0,"23":0,"24":0,"25":0,"26":0},"f":{"0":0,"1":0,"2":0,"3":0,"4":0,"5":0,"6":0,"7":0},"b":{"0":[0,0],"1":[0,0]}}
,"C:\\Projet\\ESS\\stationnex-card\\src\\components\\Charts\\VolumeCard.tsx": {"path":"C:\\Projet\\ESS\\stationnex-card\\src\\components\\Charts\\VolumeCard.tsx","statementMap":{"0":{"start":{"line":7,"column":19},"end":{"line":158,"column":1}},"1":{"start":{"line":8,"column":30},"end":{"line":8,"column":49}},"2":{"start":{"line":9,"column":38},"end":{"line":9,"column":60}},"3":{"start":{"line":10,"column":25},"end":{"line":10,"column":34}},"4":{"start":{"line":12,"column":2},"end":{"line":64,"column":48}},"5":{"start":{"line":13,"column":22},"end":{"line":61,"column":5}},"6":{"start":{"line":14,"column":6},"end":{"line":60,"column":7}},"7":{"start":{"line":15,"column":21},"end":{"line":20,"column":9}},"8":{"start":{"line":22,"column":55},"end":{"line":22,"column":57}},"9":{"start":{"line":23,"column":42},"end":{"line":23,"column":44}},"10":{"start":{"line":24,"column":35},"end":{"line":24,"column":37}},"11":{"start":{"line":26,"column":8},"end":{"line":36,"column":10}},"12":{"start":{"line":28,"column":12},"end":{"line":30,"column":13}},"13":{"start":{"line":29,"column":14},"end":{"line":29,"column":57}},"14":{"start":{"line":32,"column":12},"end":{"line":34,"column":13}},"15":{"start":{"line":33,"column":14},"end":{"line":33,"column":40}},"16":{"start":{"line":38,"column":8},"end":{"line":38,"column":79}},"17":{"start":{"line":38,"column":32},"end":{"line":38,"column":77}},"18":{"start":{"line":40,"column":8},"end":{"line":42,"column":11}},"19":{"start":{"line":41,"column":10},"end":{"line":41,"column":70}},"20":{"start":{"line":44,"column":8},"end":{"line":49,"column":10}},"21":{"start":{"line":46,"column":30},"end":{"line":46,"column":75}},"22":{"start":{"line":47,"column":12},"end":{"line":47,"column":57}},"23":{"start":{"line":51,"column":27},"end":{"line":54,"column":11}},"24":{"start":{"line":51,"column":71},"end":{"line":54,"column":9}},"25":{"start":{"line":53,"column":39},"end":{"line":53,"column":61}},"26":{"start":{"line":56,"column":8},"end":{"line":56,"column":32}},"27":{"start":{"line":57,"column":8},"end":{"line":57,"column":30}},"28":{"start":{"line":59,"column":8},"end":{"line":59,"column":59}},"29":{"start":{"line":63,"column":4},"end":{"line":63,"column":16}},"30":{"start":{"line":66,"column":42},"end":{"line":146,"column":3}},"31":{"start":{"line":142,"column":10},"end":{"line":142,"column":26}},"32":{"start":{"line":148,"column":2},"end":{"line":157,"column":4}}},"fnMap":{"0":{"name":"(anonymous_0)","decl":{"start":{"line":7,"column":19},"end":{"line":7,"column":20}},"loc":{"start":{"line":7,"column":70},"end":{"line":158,"column":1}},"line":7},"1":{"name":"(anonymous_1)","decl":{"start":{"line":12,"column":12},"end":{"line":12,"column":13}},"loc":{"start":{"line":12,"column":18},"end":{"line":64,"column":3}},"line":12},"2":{"name":"(anonymous_2)","decl":{"start":{"line":13,"column":22},"end":{"line":13,"column":23}},"loc":{"start":{"line":13,"column":34},"end":{"line":61,"column":5}},"line":13},"3":{"name":"(anonymous_3)","decl":{"start":{"line":27,"column":10},"end":{"line":27,"column":11}},"loc":{"start":{"line":27,"column":76},"end":{"line":35,"column":11}},"line":27},"4":{"name":"(anonymous_4)","decl":{"start":{"line":38,"column":22},"end":{"line":38,"column":23}},"loc":{"start":{"line":38,"column":32},"end":{"line":38,"column":77}},"line":38},"5":{"name":"(anonymous_5)","decl":{"start":{"line":40,"column":25},"end":{"line":40,"column":26}},"loc":{"start":{"line":40,"column":35},"end":{"line":42,"column":9}},"line":40},"6":{"name":"(anonymous_6)","decl":{"start":{"line":45,"column":10},"end":{"line":45,"column":11}},"loc":{"start":{"line":45,"column":76},"end":{"line":48,"column":11}},"line":45},"7":{"name":"(anonymous_7)","decl":{"start":{"line":51,"column":47},"end":{"line":51,"column":48}},"loc":{"start":{"line":51,"column":71},"end":{"line":54,"column":9}},"line":51},"8":{"name":"(anonymous_8)","decl":{"start":{"line":53,"column":29},"end":{"line":53,"column":30}},"loc":{"start":{"line":53,"column":39},"end":{"line":53,"column":61}},"line":53},"9":{"name":"(anonymous_9)","decl":{"start":{"line":141,"column":19},"end":{"line":141,"column":20}},"loc":{"start":{"line":141,"column":42},"end":{"line":143,"column":9}},"line":141}},"branchMap":{"0":{"loc":{"start":{"line":28,"column":12},"end":{"line":30,"column":13}},"type":"if","locations":[{"start":{"line":28,"column":12},"end":{"line":30,"column":13}},{"start":{},"end":{}}],"line":28},"1":{"loc":{"start":{"line":32,"column":12},"end":{"line":34,"column":13}},"type":"if","locations":[{"start":{"line":32,"column":12},"end":{"line":34,"column":13}},{"start":{},"end":{}}],"line":32}},"s":{"0":0,"1":0,"2":0,"3":0,"4":0,"5":0,"6":0,"7":0,"8":0,"9":0,"10":0,"11":0,"12":0,"13":0,"14":0,"15":0,"16":0,"17":0,"18":0,"19":0,"20":0,"21":0,"22":0,"23":0,"24":0,"25":0,"26":0,"27":0,"28":0,"29":0,"30":0,"31":0,"32":0},"f":{"0":0,"1":0,"2":0,"3":0,"4":0,"5":0,"6":0,"7":0,"8":0,"9":0},"b":{"0":[0,0],"1":[0,0]}}
,"C:\\Projet\\ESS\\stationnex-card\\src\\components\\ColumnSelector\\ColumnSelector.tsx": {"path":"C:\\Projet\\ESS\\stationnex-card\\src\\components\\ColumnSelector\\ColumnSelector.tsx","statementMap":{"0":{"start":{"line":15,"column":32},"end":{"line":85,"column":1}},"1":{"start":{"line":22,"column":33},"end":{"line":49,"column":3}},"2":{"start":{"line":23,"column":4},"end":{"line":48,"column":5}},"3":{"start":{"line":24,"column":6},"end":{"line":47,"column":9}},"4":{"start":{"line":25,"column":35},"end":{"line":25,"column":73}},"5":{"start":{"line":26,"column":38},"end":{"line":28,"column":46}},"6":{"start":{"line":27,"column":47},"end":{"line":27,"column":64}},"7":{"start":{"line":30,"column":8},"end":{"line":32,"column":9}},"8":{"start":{"line":31,"column":10},"end":{"line":31,"column":42}},"9":{"start":{"line":34,"column":40},"end":{"line":36,"column":42}},"10":{"start":{"line":35,"column":10},"end":{"line":35,"column":59}},"11":{"start":{"line":38,"column":8},"end":{"line":45,"column":9}},"12":{"start":{"line":42,"column":10},"end":{"line":42,"column":39}},"13":{"start":{"line":44,"column":10},"end":{"line":44,"column":60}},"14":{"start":{"line":46,"column":8},"end":{"line":46,"column":37}},"15":{"start":{"line":51,"column":2},"end":{"line":84,"column":4}},"16":{"start":{"line":68,"column":12},"end":{"line":78,"column":13}},"17":{"start":{"line":69,"column":14},"end":{"line":77,"column":16}},"18":{"start":{"line":73,"column":34},"end":{"line":73,"column":65}},"19":{"start":{"line":79,"column":12},"end":{"line":79,"column":24}}},"fnMap":{"0":{"name":"(anonymous_0)","decl":{"start":{"line":15,"column":32},"end":{"line":15,"column":33}},"loc":{"start":{"line":21,"column":36},"end":{"line":85,"column":1}},"line":21},"1":{"name":"(anonymous_1)","decl":{"start":{"line":22,"column":33},"end":{"line":22,"column":34}},"loc":{"start":{"line":22,"column":68},"end":{"line":49,"column":3}},"line":22},"2":{"name":"(anonymous_2)","decl":{"start":{"line":24,"column":24},"end":{"line":24,"column":25}},"loc":{"start":{"line":24,"column":48},"end":{"line":47,"column":7}},"line":24},"3":{"name":"(anonymous_3)","decl":{"start":{"line":27,"column":38},"end":{"line":27,"column":39}},"loc":{"start":{"line":27,"column":47},"end":{"line":27,"column":64}},"line":27},"4":{"name":"(anonymous_4)","decl":{"start":{"line":34,"column":55},"end":{"line":34,"column":56}},"loc":{"start":{"line":35,"column":10},"end":{"line":35,"column":59}},"line":35},"5":{"name":"(anonymous_5)","decl":{"start":{"line":67,"column":23},"end":{"line":67,"column":24}},"loc":{"start":{"line":67,"column":32},"end":{"line":80,"column":11}},"line":67},"6":{"name":"(anonymous_6)","decl":{"start":{"line":73,"column":28},"end":{"line":73,"column":29}},"loc":{"start":{"line":73,"column":34},"end":{"line":73,"column":65}},"line":73}},"branchMap":{"0":{"loc":{"start":{"line":23,"column":4},"end":{"line":48,"column":5}},"type":"if","locations":[{"start":{"line":23,"column":4},"end":{"line":48,"column":5}},{"start":{},"end":{}}],"line":23},"1":{"loc":{"start":{"line":23,"column":8},"end":{"line":23,"column":38}},"type":"binary-expr","locations":[{"start":{"line":23,"column":8},"end":{"line":23,"column":17}},{"start":{"line":23,"column":21},"end":{"line":23,"column":38}}],"line":23},"2":{"loc":{"start":{"line":26,"column":38},"end":{"line":28,"column":46}},"type":"cond-expr","locations":[{"start":{"line":27,"column":12},"end":{"line":27,"column":65}},{"start":{"line":28,"column":12},"end":{"line":28,"column":46}}],"line":26},"3":{"loc":{"start":{"line":30,"column":8},"end":{"line":32,"column":9}},"type":"if","locations":[{"start":{"line":30,"column":8},"end":{"line":32,"column":9}},{"start":{},"end":{}}],"line":30},"4":{"loc":{"start":{"line":38,"column":8},"end":{"line":45,"column":9}},"type":"if","locations":[{"start":{"line":38,"column":8},"end":{"line":45,"column":9}},{"start":{"line":43,"column":15},"end":{"line":45,"column":9}}],"line":38},"5":{"loc":{"start":{"line":39,"column":10},"end":{"line":40,"column":48}},"type":"binary-expr","locations":[{"start":{"line":39,"column":10},"end":{"line":39,"column":46}},{"start":{"line":40,"column":10},"end":{"line":40,"column":48}}],"line":39},"6":{"loc":{"start":{"line":53,"column":7},"end":{"line":82,"column":7}},"type":"binary-expr","locations":[{"start":{"line":53,"column":7},"end":{"line":53,"column":13}},{"start":{"line":54,"column":8},"end":{"line":81,"column":14}}],"line":53},"7":{"loc":{"start":{"line":68,"column":12},"end":{"line":78,"column":13}},"type":"if","locations":[{"start":{"line":68,"column":12},"end":{"line":78,"column":13}},{"start":{},"end":{}}],"line":68}},"s":{"0":0,"1":0,"2":0,"3":0,"4":0,"5":0,"6":0,"7":0,"8":0,"9":0,"10":0,"11":0,"12":0,"13":0,"14":0,"15":0,"16":0,"17":0,"18":0,"19":0},"f":{"0":0,"1":0,"2":0,"3":0,"4":0,"5":0,"6":0},"b":{"0":[0,0],"1":[0,0],"2":[0,0],"3":[0,0],"4":[0,0],"5":[0,0],"6":[0,0],"7":[0,0]}}
,"C:\\Projet\\ESS\\stationnex-card\\src\\components\\Configurator\\Configurator.tsx": {"path":"C:\\Projet\\ESS\\stationnex-card\\src\\components\\Configurator\\Configurator.tsx","statementMap":{"0":{"start":{"line":16,"column":21},"end":{"line":69,"column":1}},"1":{"start":{"line":17,"column":34},"end":{"line":17,"column":68}},"2":{"start":{"line":18,"column":16},"end":{"line":18,"column":32}},"3":{"start":{"line":20,"column":22},"end":{"line":20,"column":50}},"4":{"start":{"line":22,"column":2},"end":{"line":68,"column":4}},"5":{"start":{"line":52,"column":20},"end":{"line":58,"column":21}},"6":{"start":{"line":53,"column":22},"end":{"line":53,"column":44}},"7":{"start":{"line":54,"column":22},"end":{"line":54,"column":41}},"8":{"start":{"line":56,"column":22},"end":{"line":56,"column":43}},"9":{"start":{"line":57,"column":22},"end":{"line":57,"column":40}}},"fnMap":{"0":{"name":"(anonymous_0)","decl":{"start":{"line":16,"column":21},"end":{"line":16,"column":22}},"loc":{"start":{"line":16,"column":51},"end":{"line":69,"column":1}},"line":16},"1":{"name":"(anonymous_1)","decl":{"start":{"line":51,"column":28},"end":{"line":51,"column":29}},"loc":{"start":{"line":51,"column":34},"end":{"line":59,"column":19}},"line":51}},"branchMap":{"0":{"loc":{"start":{"line":52,"column":20},"end":{"line":58,"column":21}},"type":"if","locations":[{"start":{"line":52,"column":20},"end":{"line":58,"column":21}},{"start":{"line":55,"column":27},"end":{"line":58,"column":21}}],"line":52}},"s":{"0":0,"1":0,"2":0,"3":0,"4":0,"5":0,"6":0,"7":0,"8":0,"9":0},"f":{"0":0,"1":0},"b":{"0":[0,0]}}
,"C:\\Projet\\ESS\\stationnex-card\\src\\components\\Dialog\\ConfirmationDialog.tsx": {"path":"C:\\Projet\\ESS\\stationnex-card\\src\\components\\Dialog\\ConfirmationDialog.tsx","statementMap":{"0":{"start":{"line":21,"column":31},"end":{"line":86,"column":1}},"1":{"start":{"line":22,"column":51},"end":{"line":22,"column":62}},"2":{"start":{"line":24,"column":16},"end":{"line":24,"column":32}},"3":{"start":{"line":26,"column":28},"end":{"line":26,"column":43}},"4":{"start":{"line":27,"column":30},"end":{"line":32,"column":4}},"5":{"start":{"line":34,"column":17},"end":{"line":34,"column":39}},"6":{"start":{"line":34,"column":23},"end":{"line":34,"column":39}},"7":{"start":{"line":35,"column":16},"end":{"line":35,"column":36}},"8":{"start":{"line":35,"column":22},"end":{"line":35,"column":36}},"9":{"start":{"line":37,"column":24},"end":{"line":42,"column":3}},"10":{"start":{"line":38,"column":4},"end":{"line":40,"column":5}},"11":{"start":{"line":39,"column":6},"end":{"line":39,"column":25}},"12":{"start":{"line":41,"column":4},"end":{"line":41,"column":13}},"13":{"start":{"line":44,"column":24},"end":{"line":49,"column":3}},"14":{"start":{"line":45,"column":4},"end":{"line":47,"column":5}},"15":{"start":{"line":46,"column":6},"end":{"line":46,"column":25}},"16":{"start":{"line":48,"column":4},"end":{"line":48,"column":13}},"17":{"start":{"line":51,"column":21},"end":{"line":61,"column":3}},"18":{"start":{"line":52,"column":4},"end":{"line":59,"column":5}},"19":{"start":{"line":53,"column":6},"end":{"line":58,"column":10}},"20":{"start":{"line":53,"column":27},"end":{"line":58,"column":7}},"21":{"start":{"line":60,"column":4},"end":{"line":60,"column":13}},"22":{"start":{"line":63,"column":29},"end":{"line":83,"column":3}},"23":{"start":{"line":64,"column":4},"end":{"line":82,"column":6}},"24":{"start":{"line":85,"column":2},"end":{"line":85,"column":60}}},"fnMap":{"0":{"name":"(anonymous_0)","decl":{"start":{"line":21,"column":31},"end":{"line":21,"column":32}},"loc":{"start":{"line":21,"column":57},"end":{"line":86,"column":1}},"line":21},"1":{"name":"(anonymous_1)","decl":{"start":{"line":34,"column":17},"end":{"line":34,"column":18}},"loc":{"start":{"line":34,"column":23},"end":{"line":34,"column":39}},"line":34},"2":{"name":"(anonymous_2)","decl":{"start":{"line":35,"column":16},"end":{"line":35,"column":17}},"loc":{"start":{"line":35,"column":22},"end":{"line":35,"column":36}},"line":35},"3":{"name":"(anonymous_3)","decl":{"start":{"line":37,"column":24},"end":{"line":37,"column":25}},"loc":{"start":{"line":37,"column":30},"end":{"line":42,"column":3}},"line":37},"4":{"name":"(anonymous_4)","decl":{"start":{"line":44,"column":24},"end":{"line":44,"column":25}},"loc":{"start":{"line":44,"column":30},"end":{"line":49,"column":3}},"line":44},"5":{"name":"(anonymous_5)","decl":{"start":{"line":51,"column":21},"end":{"line":51,"column":22}},"loc":{"start":{"line":51,"column":46},"end":{"line":61,"column":3}},"line":51},"6":{"name":"(anonymous_6)","decl":{"start":{"line":53,"column":16},"end":{"line":53,"column":17}},"loc":{"start":{"line":53,"column":27},"end":{"line":58,"column":7}},"line":53},"7":{"name":"(anonymous_7)","decl":{"start":{"line":63,"column":29},"end":{"line":63,"column":30}},"loc":{"start":{"line":63,"column":79},"end":{"line":83,"column":3}},"line":63}},"branchMap":{"0":{"loc":{"start":{"line":22,"column":51},"end":{"line":22,"column":62}},"type":"binary-expr","locations":[{"start":{"line":22,"column":51},"end":{"line":22,"column":56}},{"start":{"line":22,"column":60},"end":{"line":22,"column":62}}],"line":22},"1":{"loc":{"start":{"line":38,"column":4},"end":{"line":40,"column":5}},"type":"if","locations":[{"start":{"line":38,"column":4},"end":{"line":40,"column":5}},{"start":{},"end":{}}],"line":38},"2":{"loc":{"start":{"line":45,"column":4},"end":{"line":47,"column":5}},"type":"if","locations":[{"start":{"line":45,"column":4},"end":{"line":47,"column":5}},{"start":{},"end":{}}],"line":45},"3":{"loc":{"start":{"line":52,"column":4},"end":{"line":59,"column":5}},"type":"if","locations":[{"start":{"line":52,"column":4},"end":{"line":59,"column":5}},{"start":{},"end":{}}],"line":52},"4":{"loc":{"start":{"line":54,"column":15},"end":{"line":54,"column":40}},"type":"binary-expr","locations":[{"start":{"line":54,"column":15},"end":{"line":54,"column":26}},{"start":{"line":54,"column":30},"end":{"line":54,"column":40}}],"line":54},"5":{"loc":{"start":{"line":55,"column":17},"end":{"line":55,"column":46}},"type":"binary-expr","locations":[{"start":{"line":55,"column":17},"end":{"line":55,"column":30}},{"start":{"line":55,"column":34},"end":{"line":55,"column":46}}],"line":55},"6":{"loc":{"start":{"line":56,"column":19},"end":{"line":56,"column":52}},"type":"binary-expr","locations":[{"start":{"line":56,"column":19},"end":{"line":56,"column":34}},{"start":{"line":56,"column":38},"end":{"line":56,"column":52}}],"line":56},"7":{"loc":{"start":{"line":57,"column":19},"end":{"line":57,"column":52}},"type":"binary-expr","locations":[{"start":{"line":57,"column":19},"end":{"line":57,"column":34}},{"start":{"line":57,"column":38},"end":{"line":57,"column":52}}],"line":57},"8":{"loc":{"start":{"line":70,"column":22},"end":{"line":70,"column":58}},"type":"cond-expr","locations":[{"start":{"line":70,"column":33},"end":{"line":70,"column":41}},{"start":{"line":70,"column":44},"end":{"line":70,"column":58}}],"line":70}},"s":{"0":0,"1":0,"2":0,"3":0,"4":0,"5":0,"6":0,"7":0,"8":0,"9":0,"10":0,"11":0,"12":0,"13":0,"14":0,"15":0,"16":0,"17":0,"18":0,"19":0,"20":0,"21":0,"22":0,"23":0,"24":0},"f":{"0":0,"1":0,"2":0,"3":0,"4":0,"5":0,"6":0,"7":0},"b":{"0":[0,0],"1":[0,0],"2":[0,0],"3":[0,0],"4":[0,0],"5":[0,0],"6":[0,0],"7":[0,0],"8":[0,0]}}
,"C:\\Projet\\ESS\\stationnex-card\\src\\components\\Dialog\\ErrorDialog.tsx": {"path":"C:\\Projet\\ESS\\stationnex-card\\src\\components\\Dialog\\ErrorDialog.tsx","statementMap":{"0":{"start":{"line":18,"column":24},"end":{"line":63,"column":1}},"1":{"start":{"line":19,"column":16},"end":{"line":19,"column":32}},"2":{"start":{"line":21,"column":29},"end":{"line":21,"column":40}},"3":{"start":{"line":23,"column":28},"end":{"line":23,"column":43}},"4":{"start":{"line":24,"column":30},"end":{"line":27,"column":4}},"5":{"start":{"line":29,"column":17},"end":{"line":29,"column":39}},"6":{"start":{"line":29,"column":23},"end":{"line":29,"column":39}},"7":{"start":{"line":30,"column":16},"end":{"line":30,"column":36}},"8":{"start":{"line":30,"column":22},"end":{"line":30,"column":36}},"9":{"start":{"line":32,"column":21},"end":{"line":40,"column":3}},"10":{"start":{"line":33,"column":4},"end":{"line":38,"column":5}},"11":{"start":{"line":34,"column":6},"end":{"line":37,"column":10}},"12":{"start":{"line":34,"column":27},"end":{"line":37,"column":7}},"13":{"start":{"line":39,"column":4},"end":{"line":39,"column":13}},"14":{"start":{"line":42,"column":22},"end":{"line":60,"column":3}},"15":{"start":{"line":43,"column":4},"end":{"line":59,"column":6}},"16":{"start":{"line":62,"column":2},"end":{"line":62,"column":55}}},"fnMap":{"0":{"name":"(anonymous_0)","decl":{"start":{"line":18,"column":24},"end":{"line":18,"column":25}},"loc":{"start":{"line":18,"column":50},"end":{"line":63,"column":1}},"line":18},"1":{"name":"(anonymous_1)","decl":{"start":{"line":29,"column":17},"end":{"line":29,"column":18}},"loc":{"start":{"line":29,"column":23},"end":{"line":29,"column":39}},"line":29},"2":{"name":"(anonymous_2)","decl":{"start":{"line":30,"column":16},"end":{"line":30,"column":17}},"loc":{"start":{"line":30,"column":22},"end":{"line":30,"column":36}},"line":30},"3":{"name":"(anonymous_3)","decl":{"start":{"line":32,"column":21},"end":{"line":32,"column":22}},"loc":{"start":{"line":32,"column":46},"end":{"line":40,"column":3}},"line":32},"4":{"name":"(anonymous_4)","decl":{"start":{"line":34,"column":16},"end":{"line":34,"column":17}},"loc":{"start":{"line":34,"column":27},"end":{"line":37,"column":7}},"line":34},"5":{"name":"(anonymous_5)","decl":{"start":{"line":42,"column":22},"end":{"line":42,"column":23}},"loc":{"start":{"line":42,"column":72},"end":{"line":60,"column":3}},"line":42}},"branchMap":{"0":{"loc":{"start":{"line":21,"column":29},"end":{"line":21,"column":40}},"type":"binary-expr","locations":[{"start":{"line":21,"column":29},"end":{"line":21,"column":34}},{"start":{"line":21,"column":38},"end":{"line":21,"column":40}}],"line":21},"1":{"loc":{"start":{"line":33,"column":4},"end":{"line":38,"column":5}},"type":"if","locations":[{"start":{"line":33,"column":4},"end":{"line":38,"column":5}},{"start":{},"end":{}}],"line":33},"2":{"loc":{"start":{"line":35,"column":15},"end":{"line":35,"column":40}},"type":"binary-expr","locations":[{"start":{"line":35,"column":15},"end":{"line":35,"column":26}},{"start":{"line":35,"column":30},"end":{"line":35,"column":40}}],"line":35},"3":{"loc":{"start":{"line":36,"column":17},"end":{"line":36,"column":46}},"type":"binary-expr","locations":[{"start":{"line":36,"column":17},"end":{"line":36,"column":30}},{"start":{"line":36,"column":34},"end":{"line":36,"column":46}}],"line":36},"4":{"loc":{"start":{"line":50,"column":22},"end":{"line":50,"column":58}},"type":"cond-expr","locations":[{"start":{"line":50,"column":33},"end":{"line":50,"column":41}},{"start":{"line":50,"column":44},"end":{"line":50,"column":58}}],"line":50}},"s":{"0":0,"1":0,"2":0,"3":0,"4":0,"5":0,"6":0,"7":0,"8":0,"9":0,"10":0,"11":0,"12":0,"13":0,"14":0,"15":0,"16":0},"f":{"0":0,"1":0,"2":0,"3":0,"4":0,"5":0},"b":{"0":[0,0],"1":[0,0],"2":[0,0],"3":[0,0],"4":[0,0]}}
,"C:\\Projet\\ESS\\stationnex-card\\src\\components\\Exporter\\CardsExporter.tsx": {"path":"C:\\Projet\\ESS\\stationnex-card\\src\\components\\Exporter\\CardsExporter.tsx","statementMap":{"0":{"start":{"line":13,"column":22},"end":{"line":85,"column":1}},"1":{"start":{"line":14,"column":16},"end":{"line":14,"column":32}},"2":{"start":{"line":16,"column":31},"end":{"line":32,"column":3}},"3":{"start":{"line":17,"column":17},"end":{"line":25,"column":5}},"4":{"start":{"line":18,"column":69},"end":{"line":24,"column":7}},"5":{"start":{"line":27,"column":15},"end":{"line":27,"column":45}},"6":{"start":{"line":28,"column":15},"end":{"line":28,"column":36}},"7":{"start":{"line":29,"column":18},"end":{"line":29,"column":44}},"8":{"start":{"line":30,"column":4},"end":{"line":30,"column":50}},"9":{"start":{"line":31,"column":4},"end":{"line":31,"column":40}},"10":{"start":{"line":34,"column":29},"end":{"line":77,"column":3}},"11":{"start":{"line":35,"column":16},"end":{"line":35,"column":34}},"12":{"start":{"line":36,"column":24},"end":{"line":42,"column":5}},"13":{"start":{"line":43,"column":31},"end":{"line":43,"column":33}},"14":{"start":{"line":45,"column":4},"end":{"line":54,"column":7}},"15":{"start":{"line":46,"column":22},"end":{"line":52,"column":7}},"16":{"start":{"line":53,"column":6},"end":{"line":53,"column":30}},"17":{"start":{"line":56,"column":4},"end":{"line":61,"column":7}},"18":{"start":{"line":64,"column":22},"end":{"line":64,"column":54}},"19":{"start":{"line":66,"column":6},"end":{"line":68,"column":30}},"20":{"start":{"line":69,"column":20},"end":{"line":69,"column":48}},"21":{"start":{"line":72,"column":4},"end":{"line":72,"column":54}},"22":{"start":{"line":74,"column":18},"end":{"line":74,"column":44}},"23":{"start":{"line":76,"column":4},"end":{"line":76,"column":29}},"24":{"start":{"line":79,"column":2},"end":{"line":84,"column":4}}},"fnMap":{"0":{"name":"(anonymous_0)","decl":{"start":{"line":13,"column":22},"end":{"line":13,"column":23}},"loc":{"start":{"line":13,"column":56},"end":{"line":85,"column":1}},"line":13},"1":{"name":"(anonymous_1)","decl":{"start":{"line":16,"column":31},"end":{"line":16,"column":32}},"loc":{"start":{"line":16,"column":37},"end":{"line":32,"column":3}},"line":16},"2":{"name":"(anonymous_2)","decl":{"start":{"line":18,"column":6},"end":{"line":18,"column":7}},"loc":{"start":{"line":18,"column":69},"end":{"line":24,"column":7}},"line":18},"3":{"name":"(anonymous_3)","decl":{"start":{"line":34,"column":29},"end":{"line":34,"column":30}},"loc":{"start":{"line":34,"column":35},"end":{"line":77,"column":3}},"line":34},"4":{"name":"(anonymous_4)","decl":{"start":{"line":45,"column":18},"end":{"line":45,"column":19}},"loc":{"start":{"line":45,"column":35},"end":{"line":54,"column":5}},"line":45}},"branchMap":{},"s":{"0":0,"1":0,"2":0,"3":0,"4":0,"5":0,"6":0,"7":0,"8":0,"9":0,"10":0,"11":0,"12":0,"13":0,"14":0,"15":0,"16":0,"17":0,"18":0,"19":0,"20":0,"21":0,"22":0,"23":0,"24":0},"f":{"0":0,"1":0,"2":0,"3":0,"4":0},"b":{}}
,"C:\\Projet\\ESS\\stationnex-card\\src\\components\\Exporter\\PumpAttendantExporter.tsx": {"path":"C:\\Projet\\ESS\\stationnex-card\\src\\components\\Exporter\\PumpAttendantExporter.tsx","statementMap":{"0":{"start":{"line":13,"column":30},"end":{"line":97,"column":1}},"1":{"start":{"line":16,"column":16},"end":{"line":16,"column":32}},"2":{"start":{"line":18,"column":31},"end":{"line":38,"column":3}},"3":{"start":{"line":19,"column":17},"end":{"line":32,"column":5}},"4":{"start":{"line":20,"column":79},"end":{"line":31,"column":7}},"5":{"start":{"line":34,"column":22},"end":{"line":34,"column":52}},"6":{"start":{"line":35,"column":21},"end":{"line":35,"column":42}},"7":{"start":{"line":36,"column":4},"end":{"line":36,"column":77}},"8":{"start":{"line":37,"column":4},"end":{"line":37,"column":53}},"9":{"start":{"line":40,"column":29},"end":{"line":89,"column":3}},"10":{"start":{"line":41,"column":16},"end":{"line":41,"column":34}},"11":{"start":{"line":42,"column":24},"end":{"line":51,"column":5}},"12":{"start":{"line":52,"column":31},"end":{"line":52,"column":33}},"13":{"start":{"line":54,"column":4},"end":{"line":66,"column":7}},"14":{"start":{"line":55,"column":22},"end":{"line":64,"column":7}},"15":{"start":{"line":65,"column":6},"end":{"line":65,"column":30}},"16":{"start":{"line":68,"column":4},"end":{"line":73,"column":7}},"17":{"start":{"line":76,"column":22},"end":{"line":76,"column":54}},"18":{"start":{"line":78,"column":6},"end":{"line":80,"column":30}},"19":{"start":{"line":81,"column":20},"end":{"line":81,"column":48}},"20":{"start":{"line":84,"column":4},"end":{"line":84,"column":49}},"21":{"start":{"line":86,"column":18},"end":{"line":86,"column":39}},"22":{"start":{"line":88,"column":4},"end":{"line":88,"column":29}},"23":{"start":{"line":91,"column":2},"end":{"line":96,"column":4}}},"fnMap":{"0":{"name":"(anonymous_0)","decl":{"start":{"line":13,"column":30},"end":{"line":13,"column":31}},"loc":{"start":{"line":15,"column":34},"end":{"line":97,"column":1}},"line":15},"1":{"name":"(anonymous_1)","decl":{"start":{"line":18,"column":31},"end":{"line":18,"column":32}},"loc":{"start":{"line":18,"column":37},"end":{"line":38,"column":3}},"line":18},"2":{"name":"(anonymous_2)","decl":{"start":{"line":20,"column":6},"end":{"line":20,"column":7}},"loc":{"start":{"line":20,"column":79},"end":{"line":31,"column":7}},"line":20},"3":{"name":"(anonymous_3)","decl":{"start":{"line":40,"column":29},"end":{"line":40,"column":30}},"loc":{"start":{"line":40,"column":35},"end":{"line":89,"column":3}},"line":40},"4":{"name":"(anonymous_4)","decl":{"start":{"line":54,"column":27},"end":{"line":54,"column":28}},"loc":{"start":{"line":54,"column":46},"end":{"line":66,"column":5}},"line":54}},"branchMap":{"0":{"loc":{"start":{"line":21,"column":12},"end":{"line":21,"column":20}},"type":"binary-expr","locations":[{"start":{"line":21,"column":12},"end":{"line":21,"column":14}},{"start":{"line":21,"column":18},"end":{"line":21,"column":20}}],"line":21},"1":{"loc":{"start":{"line":26,"column":33},"end":{"line":28,"column":35}},"type":"cond-expr","locations":[{"start":{"line":27,"column":12},"end":{"line":27,"column":33}},{"start":{"line":28,"column":12},"end":{"line":28,"column":35}}],"line":26},"2":{"loc":{"start":{"line":56,"column":8},"end":{"line":56,"column":30}},"type":"binary-expr","locations":[{"start":{"line":56,"column":8},"end":{"line":56,"column":24}},{"start":{"line":56,"column":28},"end":{"line":56,"column":30}}],"line":56},"3":{"loc":{"start":{"line":61,"column":8},"end":{"line":61,"column":77}},"type":"cond-expr","locations":[{"start":{"line":61,"column":30},"end":{"line":61,"column":51}},{"start":{"line":61,"column":54},"end":{"line":61,"column":77}}],"line":61}},"s":{"0":0,"1":0,"2":0,"3":0,"4":0,"5":0,"6":0,"7":0,"8":0,"9":0,"10":0,"11":0,"12":0,"13":0,"14":0,"15":0,"16":0,"17":0,"18":0,"19":0,"20":0,"21":0,"22":0,"23":0},"f":{"0":0,"1":0,"2":0,"3":0,"4":0},"b":{"0":[0,0],"1":[0,0],"2":[0,0],"3":[0,0]}}
,"C:\\Projet\\ESS\\stationnex-card\\src\\components\\Exporter\\RotationExporter.tsx": {"path":"C:\\Projet\\ESS\\stationnex-card\\src\\components\\Exporter\\RotationExporter.tsx","statementMap":{"0":{"start":{"line":12,"column":25},"end":{"line":134,"column":1}},"1":{"start":{"line":13,"column":16},"end":{"line":13,"column":32}},"2":{"start":{"line":15,"column":31},"end":{"line":48,"column":3}},"3":{"start":{"line":16,"column":17},"end":{"line":42,"column":5}},"4":{"start":{"line":25,"column":28},"end":{"line":31,"column":9}},"5":{"start":{"line":32,"column":26},"end":{"line":39,"column":9}},"6":{"start":{"line":33,"column":75},"end":{"line":38,"column":11}},"7":{"start":{"line":40,"column":8},"end":{"line":40,"column":43}},"8":{"start":{"line":44,"column":22},"end":{"line":44,"column":52}},"9":{"start":{"line":45,"column":21},"end":{"line":45,"column":42}},"10":{"start":{"line":46,"column":4},"end":{"line":46,"column":77}},"11":{"start":{"line":47,"column":4},"end":{"line":47,"column":47}},"12":{"start":{"line":50,"column":29},"end":{"line":126,"column":3}},"13":{"start":{"line":51,"column":16},"end":{"line":51,"column":34}},"14":{"start":{"line":52,"column":24},"end":{"line":62,"column":5}},"15":{"start":{"line":63,"column":31},"end":{"line":63,"column":33}},"16":{"start":{"line":65,"column":4},"end":{"line":103,"column":6}},"17":{"start":{"line":74,"column":28},"end":{"line":84,"column":9}},"18":{"start":{"line":85,"column":8},"end":{"line":85,"column":36}},"19":{"start":{"line":86,"column":8},"end":{"line":101,"column":10}},"20":{"start":{"line":88,"column":29},"end":{"line":98,"column":13}},"21":{"start":{"line":99,"column":12},"end":{"line":99,"column":37}},"22":{"start":{"line":105,"column":4},"end":{"line":110,"column":7}},"23":{"start":{"line":113,"column":22},"end":{"line":113,"column":54}},"24":{"start":{"line":115,"column":6},"end":{"line":117,"column":30}},"25":{"start":{"line":118,"column":20},"end":{"line":118,"column":48}},"26":{"start":{"line":121,"column":4},"end":{"line":121,"column":49}},"27":{"start":{"line":123,"column":18},"end":{"line":123,"column":39}},"28":{"start":{"line":125,"column":4},"end":{"line":125,"column":29}},"29":{"start":{"line":128,"column":2},"end":{"line":133,"column":4}}},"fnMap":{"0":{"name":"(anonymous_0)","decl":{"start":{"line":12,"column":25},"end":{"line":12,"column":26}},"loc":{"start":{"line":12,"column":67},"end":{"line":134,"column":1}},"line":12},"1":{"name":"(anonymous_1)","decl":{"start":{"line":15,"column":31},"end":{"line":15,"column":32}},"loc":{"start":{"line":15,"column":37},"end":{"line":48,"column":3}},"line":15},"2":{"name":"(anonymous_2)","decl":{"start":{"line":17,"column":6},"end":{"line":17,"column":7}},"loc":{"start":{"line":24,"column":12},"end":{"line":41,"column":7}},"line":24},"3":{"name":"(anonymous_3)","decl":{"start":{"line":33,"column":10},"end":{"line":33,"column":11}},"loc":{"start":{"line":33,"column":75},"end":{"line":38,"column":11}},"line":33},"4":{"name":"(anonymous_4)","decl":{"start":{"line":50,"column":29},"end":{"line":50,"column":30}},"loc":{"start":{"line":50,"column":35},"end":{"line":126,"column":3}},"line":50},"5":{"name":"(anonymous_5)","decl":{"start":{"line":66,"column":6},"end":{"line":66,"column":7}},"loc":{"start":{"line":73,"column":12},"end":{"line":102,"column":7}},"line":73},"6":{"name":"(anonymous_6)","decl":{"start":{"line":87,"column":10},"end":{"line":87,"column":11}},"loc":{"start":{"line":87,"column":74},"end":{"line":100,"column":11}},"line":87}},"branchMap":{"0":{"loc":{"start":{"line":30,"column":14},"end":{"line":30,"column":22}},"type":"binary-expr","locations":[{"start":{"line":30,"column":14},"end":{"line":30,"column":16}},{"start":{"line":30,"column":20},"end":{"line":30,"column":22}}],"line":30},"1":{"loc":{"start":{"line":34,"column":38},"end":{"line":34,"column":51}},"type":"binary-expr","locations":[{"start":{"line":34,"column":38},"end":{"line":34,"column":45}},{"start":{"line":34,"column":49},"end":{"line":34,"column":51}}],"line":34},"2":{"loc":{"start":{"line":83,"column":10},"end":{"line":83,"column":18}},"type":"binary-expr","locations":[{"start":{"line":83,"column":10},"end":{"line":83,"column":12}},{"start":{"line":83,"column":16},"end":{"line":83,"column":18}}],"line":83},"3":{"loc":{"start":{"line":93,"column":14},"end":{"line":93,"column":27}},"type":"binary-expr","locations":[{"start":{"line":93,"column":14},"end":{"line":93,"column":21}},{"start":{"line":93,"column":25},"end":{"line":93,"column":27}}],"line":93}},"s":{"0":0,"1":0,"2":0,"3":0,"4":0,"5":0,"6":0,"7":0,"8":0,"9":0,"10":0,"11":0,"12":0,"13":0,"14":0,"15":0,"16":0,"17":0,"18":0,"19":0,"20":0,"21":0,"22":0,"23":0,"24":0,"25":0,"26":0,"27":0,"28":0,"29":0},"f":{"0":0,"1":0,"2":0,"3":0,"4":0,"5":0,"6":0},"b":{"0":[0,0],"1":[0,0],"2":[0,0],"3":[0,0]}}
,"C:\\Projet\\ESS\\stationnex-card\\src\\components\\Exporter\\TankDeliveryExporter.tsx": {"path":"C:\\Projet\\ESS\\stationnex-card\\src\\components\\Exporter\\TankDeliveryExporter.tsx","statementMap":{"0":{"start":{"line":13,"column":29},"end":{"line":94,"column":1}},"1":{"start":{"line":14,"column":16},"end":{"line":14,"column":32}},"2":{"start":{"line":16,"column":31},"end":{"line":39,"column":3}},"3":{"start":{"line":17,"column":17},"end":{"line":33,"column":5}},"4":{"start":{"line":25,"column":13},"end":{"line":32,"column":7}},"5":{"start":{"line":35,"column":15},"end":{"line":35,"column":45}},"6":{"start":{"line":36,"column":15},"end":{"line":36,"column":36}},"7":{"start":{"line":37,"column":4},"end":{"line":37,"column":55}},"8":{"start":{"line":38,"column":4},"end":{"line":38,"column":42}},"9":{"start":{"line":41,"column":29},"end":{"line":86,"column":3}},"10":{"start":{"line":42,"column":16},"end":{"line":42,"column":34}},"11":{"start":{"line":43,"column":24},"end":{"line":50,"column":5}},"12":{"start":{"line":51,"column":31},"end":{"line":51,"column":33}},"13":{"start":{"line":53,"column":4},"end":{"line":63,"column":7}},"14":{"start":{"line":54,"column":22},"end":{"line":61,"column":7}},"15":{"start":{"line":62,"column":6},"end":{"line":62,"column":30}},"16":{"start":{"line":65,"column":4},"end":{"line":70,"column":7}},"17":{"start":{"line":73,"column":22},"end":{"line":73,"column":54}},"18":{"start":{"line":75,"column":6},"end":{"line":77,"column":30}},"19":{"start":{"line":78,"column":20},"end":{"line":78,"column":48}},"20":{"start":{"line":81,"column":4},"end":{"line":81,"column":52}},"21":{"start":{"line":83,"column":18},"end":{"line":83,"column":42}},"22":{"start":{"line":85,"column":4},"end":{"line":85,"column":29}},"23":{"start":{"line":88,"column":2},"end":{"line":93,"column":4}}},"fnMap":{"0":{"name":"(anonymous_0)","decl":{"start":{"line":13,"column":29},"end":{"line":13,"column":30}},"loc":{"start":{"line":13,"column":78},"end":{"line":94,"column":1}},"line":13},"1":{"name":"(anonymous_1)","decl":{"start":{"line":16,"column":31},"end":{"line":16,"column":32}},"loc":{"start":{"line":16,"column":43},"end":{"line":39,"column":3}},"line":16},"2":{"name":"(anonymous_2)","decl":{"start":{"line":18,"column":6},"end":{"line":18,"column":7}},"loc":{"start":{"line":25,"column":13},"end":{"line":32,"column":7}},"line":25},"3":{"name":"(anonymous_3)","decl":{"start":{"line":41,"column":29},"end":{"line":41,"column":30}},"loc":{"start":{"line":41,"column":35},"end":{"line":86,"column":3}},"line":41},"4":{"name":"(anonymous_4)","decl":{"start":{"line":53,"column":25},"end":{"line":53,"column":26}},"loc":{"start":{"line":53,"column":44},"end":{"line":63,"column":5}},"line":53}},"branchMap":{},"s":{"0":0,"1":0,"2":0,"3":0,"4":0,"5":0,"6":0,"7":0,"8":0,"9":0,"10":0,"11":0,"12":0,"13":0,"14":0,"15":0,"16":0,"17":0,"18":0,"19":0,"20":0,"21":0,"22":0,"23":0},"f":{"0":0,"1":0,"2":0,"3":0,"4":0},"b":{}}
[...]
umn":12},"end":{"line":127,"column":15}},{"start":{"line":128,"column":12},"end":{"line":133,"column":13}}],"line":126},"8":{"loc":{"start":{"line":126,"column":8},"end":{"line":126,"column":63}},"type":"binary-expr","locations":[{"start":{"line":126,"column":8},"end":{"line":126,"column":32}},{"start":{"line":126,"column":36},"end":{"line":126,"column":63}}],"line":126},"9":{"loc":{"start":{"line":130,"column":14},"end":{"line":130,"column":50}},"type":"binary-expr","locations":[{"start":{"line":130,"column":14},"end":{"line":130,"column":41}},{"start":{"line":130,"column":45},"end":{"line":130,"column":50}}],"line":130},"10":{"loc":{"start":{"line":142,"column":11},"end":{"line":180,"column":11}},"type":"cond-expr","locations":[{"start":{"line":143,"column":12},"end":{"line":177,"column":18}},{"start":{"line":179,"column":12},"end":{"line":179,"column":15}}],"line":142},"11":{"loc":{"start":{"line":142,"column":26},"end":{"line":142,"column":61}},"type":"binary-expr","locations":[{"start":{"line":142,"column":26},"end":{"line":142,"column":55}},{"start":{"line":142,"column":59},"end":{"line":142,"column":61}}],"line":142},"12":{"loc":{"start":{"line":165,"column":25},"end":{"line":171,"column":29}},"type":"cond-expr","locations":[{"start":{"line":166,"column":28},"end":{"line":166,"column":31}},{"start":{"line":167,"column":28},"end":{"line":171,"column":29}}],"line":165},"13":{"loc":{"start":{"line":165,"column":25},"end":{"line":165,"column":76}},"type":"binary-expr","locations":[{"start":{"line":165,"column":25},"end":{"line":165,"column":47}},{"start":{"line":165,"column":51},"end":{"line":165,"column":76}}],"line":165},"14":{"loc":{"start":{"line":169,"column":30},"end":{"line":169,"column":66}},"type":"binary-expr","locations":[{"start":{"line":169,"column":30},"end":{"line":169,"column":57}},{"start":{"line":169,"column":61},"end":{"line":169,"column":66}}],"line":169},"15":{"loc":{"start":{"line":201,"column":6},"end":{"line":203,"column":17}},"type":"cond-expr","locations":[{"start":{"line":202,"column":10},"end":{"line":202,"column":77}},{"start":{"line":203,"column":10},"end":{"line":203,"column":17}}],"line":201},"16":{"loc":{"start":{"line":223,"column":11},"end":{"line":230,"column":11}},"type":"binary-expr","locations":[{"start":{"line":223,"column":11},"end":{"line":223,"column":26}},{"start":{"line":224,"column":12},"end":{"line":229,"column":19}}],"line":223},"17":{"loc":{"start":{"line":255,"column":17},"end":{"line":294,"column":17}},"type":"cond-expr","locations":[{"start":{"line":256,"column":18},"end":{"line":256,"column":35}},{"start":{"line":258,"column":18},"end":{"line":293,"column":21}}],"line":255},"18":{"loc":{"start":{"line":259,"column":21},"end":{"line":292,"column":21}},"type":"cond-expr","locations":[{"start":{"line":260,"column":22},"end":{"line":269,"column":35}},{"start":{"line":271,"column":22},"end":{"line":291,"column":29}}],"line":259},"19":{"loc":{"start":{"line":259,"column":21},"end":{"line":259,"column":74}},"type":"binary-expr","locations":[{"start":{"line":259,"column":21},"end":{"line":259,"column":31}},{"start":{"line":259,"column":35},"end":{"line":259,"column":47}},{"start":{"line":259,"column":51},"end":{"line":259,"column":74}}],"line":259},"20":{"loc":{"start":{"line":295,"column":17},"end":{"line":299,"column":17}},"type":"binary-expr","locations":[{"start":{"line":295,"column":17},"end":{"line":295,"column":27}},{"start":{"line":295,"column":31},"end":{"line":295,"column":43}},{"start":{"line":295,"column":47},"end":{"line":295,"column":70}},{"start":{"line":296,"column":18},"end":{"line":298,"column":27}}],"line":295},"21":{"loc":{"start":{"line":305,"column":9},"end":{"line":319,"column":9}},"type":"binary-expr","locations":[{"start":{"line":305,"column":9},"end":{"line":305,"column":19}},{"start":{"line":305,"column":23},"end":{"line":305,"column":35}},{"start":{"line":305,"column":39},"end":{"line":305,"column":62}},{"start":{"line":306,"column":10},"end":{"line":318,"column":12}}],"line":305}},"s":{"0":0,"1":0,"2":0,"3":0,"4":0,"5":0,"6":0,"7":0,"8":0,"9":0,"10":0,"11":0,"12":0,"13":0,"14":0,"15":0,"16":0,"17":0,"18":0,"19":0,"20":0,"21":0,"22":0,"23":0,"24":0,"25":0,"26":0,"27":0,"28":0,"29":0,"30":0,"31":0,"32":0},"f":{"0":0,"1":0,"2":0,"3":0,"4":0,"5":0,"6":0,"7":0,"8":0,"9":0,"10":0,"11":0,"12":0,"13":0,"14":0,"15":0,"16":0},"b":{"0":[0,0],"1":[0,0],"2":[0,0],"3":[0,0],"4":[0,0],"5":[0,0],"6":[0,0],"7":[0,0],"8":[0,0],"9":[0,0],"10":[0,0],"11":[0,0],"12":[0,0],"13":[0,0],"14":[0,0],"15":[0,0],"16":[0,0],"17":[0,0],"18":[0,0],"19":[0,0,0],"20":[0,0,0,0],"21":[0,0,0,0]}}
,"C:\\Projet\\ESS\\stationnex-card\\src\\views\\Pages\\ForgotPassword.tsx": {"path":"C:\\Projet\\ESS\\stationnex-card\\src\\views\\Pages\\ForgotPassword.tsx","statementMap":{"0":{"start":{"line":10,"column":23},"end":{"line":194,"column":1}},"1":{"start":{"line":11,"column":28},"end":{"line":11,"column":40}},"2":{"start":{"line":12,"column":36},"end":{"line":12,"column":51}},"3":{"start":{"line":13,"column":28},"end":{"line":13,"column":40}},"4":{"start":{"line":14,"column":42},"end":{"line":14,"column":57}},"5":{"start":{"line":15,"column":16},"end":{"line":15,"column":32}},"6":{"start":{"line":16,"column":18},"end":{"line":16,"column":30}},"7":{"start":{"line":18,"column":21},"end":{"line":41,"column":3}},"8":{"start":{"line":19,"column":4},"end":{"line":19,"column":23}},"9":{"start":{"line":22,"column":4},"end":{"line":25,"column":5}},"10":{"start":{"line":23,"column":6},"end":{"line":23,"column":46}},"11":{"start":{"line":24,"column":6},"end":{"line":24,"column":13}},"12":{"start":{"line":26,"column":4},"end":{"line":29,"column":5}},"13":{"start":{"line":27,"column":6},"end":{"line":27,"column":49}},"14":{"start":{"line":28,"column":6},"end":{"line":28,"column":13}},"15":{"start":{"line":31,"column":4},"end":{"line":31,"column":23}},"16":{"start":{"line":32,"column":4},"end":{"line":40,"column":5}},"17":{"start":{"line":33,"column":6},"end":{"line":33,"column":34}},"18":{"start":{"line":34,"column":6},"end":{"line":34,"column":28}},"19":{"start":{"line":35,"column":6},"end":{"line":35,"column":19}},"20":{"start":{"line":37,"column":6},"end":{"line":37,"column":49}},"21":{"start":{"line":39,"column":6},"end":{"line":39,"column":26}},"22":{"start":{"line":43,"column":25},"end":{"line":47,"column":3}},"23":{"start":{"line":44,"column":4},"end":{"line":46,"column":5}},"24":{"start":{"line":45,"column":6},"end":{"line":45,"column":54}},"25":{"start":{"line":49,"column":22},"end":{"line":69,"column":3}},"26":{"start":{"line":50,"column":4},"end":{"line":57,"column":5}},"27":{"start":{"line":51,"column":6},"end":{"line":56,"column":8}},"28":{"start":{"line":58,"column":4},"end":{"line":67,"column":5}},"29":{"start":{"line":59,"column":6},"end":{"line":66,"column":8}},"30":{"start":{"line":68,"column":4},"end":{"line":68,"column":16}},"31":{"start":{"line":71,"column":26},"end":{"line":92,"column":3}},"32":{"start":{"line":72,"column":6},"end":{"line":91,"column":12}},"33":{"start":{"line":94,"column":24},"end":{"line":118,"column":3}},"34":{"start":{"line":95,"column":6},"end":{"line":117,"column":13}},"35":{"start":{"line":120,"column":2},"end":{"line":193,"column":4}},"36":{"start":{"line":153,"column":35},"end":{"line":153,"column":59}},"37":{"start":{"line":163,"column":35},"end":{"line":163,"column":63}}},"fnMap":{"0":{"name":"(anonymous_0)","decl":{"start":{"line":10,"column":23},"end":{"line":10,"column":24}},"loc":{"start":{"line":10,"column":29},"end":{"line":194,"column":1}},"line":10},"1":{"name":"(anonymous_1)","decl":{"start":{"line":18,"column":21},"end":{"line":18,"column":22}},"loc":{"start":{"line":18,"column":51},"end":{"line":41,"column":3}},"line":18},"2":{"name":"(anonymous_2)","decl":{"start":{"line":43,"column":25},"end":{"line":43,"column":26}},"loc":{"start":{"line":43,"column":57},"end":{"line":47,"column":3}},"line":43},"3":{"name":"(anonymous_3)","decl":{"start":{"line":49,"column":22},"end":{"line":49,"column":23}},"loc":{"start":{"line":49,"column":28},"end":{"line":69,"column":3}},"line":49},"4":{"name":"(anonymous_4)","decl":{"start":{"line":71,"column":26},"end":{"line":71,"column":27}},"loc":{"start":{"line":72,"column":6},"end":{"line":91,"column":12}},"line":72},"5":{"name":"(anonymous_5)","decl":{"start":{"line":94,"column":24},"end":{"line":94,"column":25}},"loc":{"start":{"line":95,"column":6},"end":{"line":117,"column":13}},"line":95},"6":{"name":"(anonymous_6)","decl":{"start":{"line":153,"column":28},"end":{"line":153,"column":29}},"loc":{"start":{"line":153,"column":35},"end":{"line":153,"column":59}},"line":153},"7":{"name":"(anonymous_7)","decl":{"start":{"line":163,"column":29},"end":{"line":163,"column":30}},"loc":{"start":{"line":163,"column":35},"end":{"line":163,"column":63}},"line":163}},"branchMap":{"0":{"loc":{"start":{"line":22,"column":4},"end":{"line":25,"column":5}},"type":"if","locations":[{"start":{"line":22,"column":4},"end":{"line":25,"column":5}},{"start":{},"end":{}}],"line":22},"1":{"loc":{"start":{"line":26,"column":4},"end":{"line":29,"column":5}},"type":"if","locations":[{"start":{"line":26,"column":4},"end":{"line":29,"column":5}},{"start":{},"end":{}}],"line":26},"2":{"loc":{"start":{"line":44,"column":4},"end":{"line":46,"column":5}},"type":"if","locations":[{"start":{"line":44,"column":4},"end":{"line":46,"column":5}},{"start":{},"end":{}}],"line":44},"3":{"loc":{"start":{"line":50,"column":4},"end":{"line":57,"column":5}},"type":"if","locations":[{"start":{"line":50,"column":4},"end":{"line":57,"column":5}},{"start":{},"end":{}}],"line":50},"4":{"loc":{"start":{"line":58,"column":4},"end":{"line":67,"column":5}},"type":"if","locations":[{"start":{"line":58,"column":4},"end":{"line":67,"column":5}},{"start":{},"end":{}}],"line":58}},"s":{"0":0,"1":0,"2":0,"3":0,"4":0,"5":0,"6":0,"7":0,"8":0,"9":0,"10":0,"11":0,"12":0,"13":0,"14":0,"15":0,"16":0,"17":0,"18":0,"19":0,"20":0,"21":0,"22":0,"23":0,"24":0,"25":0,"26":0,"27":0,"28":0,"29":0,"30":0,"31":0,"32":0,"33":0,"34":0,"35":0,"36":0,"37":0},"f":{"0":0,"1":0,"2":0,"3":0,"4":0,"5":0,"6":0,"7":0},"b":{"0":[0,0],"1":[0,0],"2":[0,0],"3":[0,0],"4":[0,0]}}
,"C:\\Projet\\ESS\\stationnex-card\\src\\views\\Pages\\ResetPassword.tsx": {"path":"C:\\Projet\\ESS\\stationnex-card\\src\\views\\Pages\\ResetPassword.tsx","statementMap":{"0":{"start":{"line":23,"column":22},"end":{"line":231,"column":1}},"1":{"start":{"line":24,"column":34},"end":{"line":24,"column":54}},"2":{"start":{"line":25,"column":48},"end":{"line":25,"column":68}},"3":{"start":{"line":26,"column":36},"end":{"line":26,"column":60}},"4":{"start":{"line":27,"column":28},"end":{"line":27,"column":40}},"5":{"start":{"line":28,"column":42},"end":{"line":28,"column":57}},"6":{"start":{"line":29,"column":18},"end":{"line":29,"column":30}},"7":{"start":{"line":30,"column":42},"end":{"line":30,"column":66}},"8":{"start":{"line":31,"column":16},"end":{"line":31,"column":32}},"9":{"start":{"line":33,"column":20},"end":{"line":33,"column":63}},"10":{"start":{"line":34,"column":21},"end":{"line":34,"column":48}},"11":{"start":{"line":36,"column":30},"end":{"line":61,"column":3}},"12":{"start":{"line":37,"column":4},"end":{"line":37,"column":23}},"13":{"start":{"line":38,"column":4},"end":{"line":41,"column":5}},"14":{"start":{"line":39,"column":6},"end":{"line":39,"column":41}},"15":{"start":{"line":40,"column":6},"end":{"line":40,"column":13}},"16":{"start":{"line":42,"column":4},"end":{"line":45,"column":5}},"17":{"start":{"line":43,"column":6},"end":{"line":43,"column":48}},"18":{"start":{"line":44,"column":6},"end":{"line":44,"column":13}},"19":{"start":{"line":46,"column":4},"end":{"line":46,"column":23}},"20":{"start":{"line":48,"column":4},"end":{"line":60,"column":5}},"21":{"start":{"line":49,"column":6},"end":{"line":49,"column":48}},"22":{"start":{"line":50,"column":6},"end":{"line":50,"column":19}},"23":{"start":{"line":51,"column":6},"end":{"line":51,"column":28}},"24":{"start":{"line":52,"column":6},"end":{"line":55,"column":15}},"25":{"start":{"line":53,"column":8},"end":{"line":53,"column":37}},"26":{"start":{"line":54,"column":8},"end":{"line":54,"column":72}},"27":{"start":{"line":57,"column":6},"end":{"line":57,"column":27}},"28":{"start":{"line":59,"column":6},"end":{"line":59,"column":26}},"29":{"start":{"line":63,"column":31},"end":{"line":65,"column":3}},"30":{"start":{"line":64,"column":4},"end":{"line":64,"column":35}},"31":{"start":{"line":66,"column":25},"end":{"line":72,"column":3}},"32":{"start":{"line":67,"column":4},"end":{"line":71,"column":5}},"33":{"start":{"line":68,"column":6},"end":{"line":70,"column":8}},"34":{"start":{"line":73,"column":2},"end":{"line":230,"column":4}},"35":{"start":{"line":171,"column":33},"end":{"line":171,"column":60}},"36":{"start":{"line":196,"column":31},"end":{"line":196,"column":65}}},"fnMap":{"0":{"name":"(anonymous_0)","decl":{"start":{"line":23,"column":22},"end":{"line":23,"column":23}},"loc":{"start":{"line":23,"column":28},"end":{"line":231,"column":1}},"line":23},"1":{"name":"(anonymous_1)","decl":{"start":{"line":36,"column":30},"end":{"line":36,"column":31}},"loc":{"start":{"line":36,"column":48},"end":{"line":61,"column":3}},"line":36},"2":{"name":"(anonymous_2)","decl":{"start":{"line":52,"column":17},"end":{"line":52,"column":18}},"loc":{"start":{"line":52,"column":23},"end":{"line":55,"column":7}},"line":52},"3":{"name":"(anonymous_3)","decl":{"start":{"line":63,"column":31},"end":{"line":63,"column":32}},"loc":{"start":{"line":63,"column":37},"end":{"line":65,"column":3}},"line":63},"4":{"name":"(anonymous_4)","decl":{"start":{"line":66,"column":25},"end":{"line":66,"column":26}},"loc":{"start":{"line":66,"column":75},"end":{"line":72,"column":3}},"line":66},"5":{"name":"(anonymous_5)","decl":{"start":{"line":171,"column":26},"end":{"line":171,"column":27}},"loc":{"start":{"line":171,"column":33},"end":{"line":171,"column":60}},"line":171},"6":{"name":"(anonymous_6)","decl":{"start":{"line":196,"column":24},"end":{"line":196,"column":25}},"loc":{"start":{"line":196,"column":31},"end":{"line":196,"column":65}},"line":196}},"branchMap":{"0":{"loc":{"start":{"line":38,"column":4},"end":{"line":41,"column":5}},"type":"if","locations":[{"start":{"line":38,"column":4},"end":{"line":41,"column":5}},{"start":{},"end":{}}],"line":38},"1":{"loc":{"start":{"line":42,"column":4},"end":{"line":45,"column":5}},"type":"if","locations":[{"start":{"line":42,"column":4},"end":{"line":45,"column":5}},{"start":{},"end":{}}],"line":42},"2":{"loc":{"start":{"line":42,"column":8},"end":{"line":42,"column":37}},"type":"binary-expr","locations":[{"start":{"line":42,"column":8},"end":{"line":42,"column":17}},{"start":{"line":42,"column":21},"end":{"line":42,"column":37}}],"line":42},"3":{"loc":{"start":{"line":67,"column":4},"end":{"line":71,"column":5}},"type":"if","locations":[{"start":{"line":67,"column":4},"end":{"line":71,"column":5}},{"start":{},"end":{}}],"line":67},"4":{"loc":{"start":{"line":166,"column":22},"end":{"line":166,"column":56}},"type":"cond-expr","locations":[{"start":{"line":166,"column":37},"end":{"line":166,"column":43}},{"start":{"line":166,"column":46},"end":{"line":166,"column":56}}],"line":166},"5":{"loc":{"start":{"line":182,"column":19},"end":{"line":182,"column":60}},"type":"cond-expr","locations":[{"start":{"line":182,"column":34},"end":{"line":182,"column":43}},{"start":{"line":182,"column":46},"end":{"line":182,"column":60}}],"line":182},"6":{"loc":{"start":{"line":212,"column":13},"end":{"line":217,"column":13}},"type":"binary-expr","locations":[{"start":{"line":212,"column":13},"end":{"line":212,"column":18}},{"start":{"line":213,"column":14},"end":{"line":216,"column":22}}],"line":212},"7":{"loc":{"start":{"line":218,"column":13},"end":{"line":225,"column":13}},"type":"binary-expr","locations":[{"start":{"line":218,"column":13},"end":{"line":218,"column":25}},{"start":{"line":219,"column":14},"end":{"line":224,"column":22}}],"line":218}},"s":{"0":0,"1":0,"2":0,"3":0,"4":0,"5":0,"6":0,"7":0,"8":0,"9":0,"10":0,"11":0,"12":0,"13":0,"14":0,"15":0,"16":0,"17":0,"18":0,"19":0,"20":0,"21":0,"22":0,"23":0,"24":0,"25":0,"26":0,"27":0,"28":0,"29":0,"30":0,"31":0,"32":0,"33":0,"34":0,"35":0,"36":0},"f":{"0":0,"1":0,"2":0,"3":0,"4":0,"5":0,"6":0},"b":{"0":[0,0],"1":[0,0],"2":[0,0],"3":[0,0],"4":[0,0],"5":[0,0],"6":[0,0],"7":[0,0]}}
,"C:\\Projet\\ESS\\stationnex-card\\src\\views\\Pages\\SignIn.tsx": {"path":"C:\\Projet\\ESS\\stationnex-card\\src\\views\\Pages\\SignIn.tsx","statementMap":{"0":{"start":{"line":32,"column":15},"end":{"line":222,"column":1}},"1":{"start":{"line":33,"column":18},"end":{"line":33,"column":30}},"2":{"start":{"line":34,"column":16},"end":{"line":34,"column":32}},"3":{"start":{"line":36,"column":21},"end":{"line":36,"column":30}},"4":{"start":{"line":38,"column":42},"end":{"line":38,"column":66}},"5":{"start":{"line":39,"column":42},"end":{"line":39,"column":62}},"6":{"start":{"line":41,"column":15},"end":{"line":47,"column":4}},"7":{"start":{"line":49,"column":57},"end":{"line":70,"column":3}},"8":{"start":{"line":50,"column":35},"end":{"line":50,"column":41}},"9":{"start":{"line":52,"column":4},"end":{"line":69,"column":5}},"10":{"start":{"line":53,"column":57},"end":{"line":56,"column":7}},"11":{"start":{"line":58,"column":6},"end":{"line":61,"column":7}},"12":{"start":{"line":59,"column":8},"end":{"line":59,"column":60}},"13":{"start":{"line":60,"column":8},"end":{"line":60,"column":15}},"14":{"start":{"line":63,"column":19},"end":{"line":63,"column":44}},"15":{"start":{"line":65,"column":6},"end":{"line":65,"column":47}},"16":{"start":{"line":67,"column":6},"end":{"line":67,"column":27}},"17":{"start":{"line":68,"column":6},"end":{"line":68,"column":50}},"18":{"start":{"line":72,"column":36},"end":{"line":74,"column":3}},"19":{"start":{"line":73,"column":4},"end":{"line":73,"column":42}},"20":{"start":{"line":76,"column":2},"end":{"line":221,"column":4}},"21":{"start":{"line":177,"column":35},"end":{"line":177,"column":65}}},"fnMap":{"0":{"name":"(anonymous_0)","decl":{"start":{"line":32,"column":15},"end":{"line":32,"column":16}},"loc":{"start":{"line":32,"column":21},"end":{"line":222,"column":1}},"line":32},"1":{"name":"(anonymous_1)","decl":{"start":{"line":49,"column":57},"end":{"line":49,"column":58}},"loc":{"start":{"line":49,"column":75},"end":{"line":70,"column":3}},"line":49},"2":{"name":"(anonymous_2)","decl":{"start":{"line":72,"column":36},"end":{"line":72,"column":37}},"loc":{"start":{"line":72,"column":42},"end":{"line":74,"column":3}},"line":72},"3":{"name":"(anonymous_3)","decl":{"start":{"line":177,"column":29},"end":{"line":177,"column":30}},"loc":{"start":{"line":177,"column":35},"end":{"line":177,"column":65}},"line":177}},"branchMap":{"0":{"loc":{"start":{"line":58,"column":6},"end":{"line":61,"column":7}},"type":"if","locations":[{"start":{"line":58,"column":6},"end":{"line":61,"column":7}},{"start":{},"end":{}}],"line":58},"1":{"loc":{"start":{"line":166,"column":24},"end":{"line":166,"column":58}},"type":"cond-expr","locations":[{"start":{"line":166,"column":39},"end":{"line":166,"column":45}},{"start":{"line":166,"column":48},"end":{"line":166,"column":58}}],"line":166},"2":{"loc":{"start":{"line":181,"column":21},"end":{"line":181,"column":62}},"type":"cond-expr","locations":[{"start":{"line":181,"column":36},"end":{"line":181,"column":45}},{"start":{"line":181,"column":48},"end":{"line":181,"column":62}}],"line":181},"3":{"loc":{"start":{"line":211,"column":13},"end":{"line":216,"column":13}},"type":"binary-expr","locations":[{"start":{"line":211,"column":13},"end":{"line":211,"column":25}},{"start":{"line":212,"column":14},"end":{"line":215,"column":22}}],"line":211}},"s":{"0":0,"1":0,"2":0,"3":0,"4":0,"5":0,"6":0,"7":0,"8":0,"9":0,"10":0,"11":0,"12":0,"13":0,"14":0,"15":0,"16":0,"17":0,"18":0,"19":0,"20":0,"21":0},"f":{"0":0,"1":0,"2":0,"3":0},"b":{"0":[0,0],"1":[0,0],"2":[0,0],"3":[0,0]}}
}
