{"C:\\Projet\\ESS\\stationnex-card\\src\\hooks\\use-periods.ts": {"path":"C:\\Projet\\ESS\\stationnex-card\\src\\hooks\\use-periods.ts","statementMap":{"0":{"start":{"line":4,"column":26},"end":{"line":15,"column":1}},"1":{"start":{"line":5,"column":39},"end":{"line":9,"column":4}},"2":{"start":{"line":7,"column":19},"end":{"line":7,"column":30}},"3":{"start":{"line":11,"column":2},"end":{"line":14,"column":4}}},"fnMap":{"0":{"name":"(anonymous_0)","decl":{"start":{"line":4,"column":26},"end":{"line":4,"column":27}},"loc":{"start":{"line":4,"column":32},"end":{"line":15,"column":1}},"line":4},"1":{"name":"(anonymous_1)","decl":{"start":{"line":7,"column":13},"end":{"line":7,"column":14}},"loc":{"start":{"line":7,"column":19},"end":{"line":7,"column":30}},"line":7}},"branchMap":{},"s":{"0":1,"1":2,"2":0,"3":2},"f":{"0":2,"1":0},"b":{},"_coverageSchema":"1a1c01bbd47fc00a2c39e90264f33305004495a9","hash":"aa8cedbe8756c11627dbbba432b8327b69e0bbbc"}
,"C:\\Projet\\ESS\\stationnex-card\\src\\router\\routes.tsx": {"path":"C:\\Projet\\ESS\\stationnex-card\\src\\router\\routes.tsx","statementMap":{"0":{"start":{"line":16,"column":31},"end":{"line":69,"column":1}},"1":{"start":{"line":17,"column":16},"end":{"line":17,"column":32}},"2":{"start":{"line":18,"column":2},"end":{"line":68,"column":4}},"3":{"start":{"line":71,"column":26},"end":{"line":98,"column":1}},"4":{"start":{"line":72,"column":16},"end":{"line":72,"column":32}},"5":{"start":{"line":73,"column":2},"end":{"line":97,"column":4}}},"fnMap":{"0":{"name":"(anonymous_0)","decl":{"start":{"line":16,"column":31},"end":{"line":16,"column":32}},"loc":{"start":{"line":16,"column":52},"end":{"line":69,"column":1}},"line":16},"1":{"name":"(anonymous_1)","decl":{"start":{"line":71,"column":26},"end":{"line":71,"column":27}},"loc":{"start":{"line":71,"column":47},"end":{"line":98,"column":1}},"line":71}},"branchMap":{},"s":{"0":0,"1":0,"2":0,"3":0,"4":0,"5":0},"f":{"0":0,"1":0},"b":{}}
}
