TN:
SF:src\common\api\card-api.ts
FN:14,(anonymous_0)
FN:47,(anonymous_1)
FN:57,(anonymous_2)
FN:68,(anonymous_3)
FN:77,(anonymous_4)
FN:85,(anonymous_5)
FNF:6
FNH:0
FNDA:0,(anonymous_0)
FNDA:0,(anonymous_1)
FNDA:0,(anonymous_2)
FNDA:0,(anonymous_3)
FNDA:0,(anonymous_4)
FNDA:0,(anonymous_5)
DA:4,0
DA:5,0
DA:14,0
DA:19,0
DA:21,0
DA:23,0
DA:25,0
DA:26,0
DA:30,0
DA:31,0
DA:33,0
DA:34,0
DA:36,0
DA:37,0
DA:39,0
DA:40,0
DA:43,0
DA:44,0
DA:47,0
DA:51,0
DA:55,0
DA:57,0
DA:61,0
DA:65,0
DA:68,0
DA:72,0
DA:75,0
DA:77,0
DA:78,0
DA:82,0
DA:85,0
DA:86,0
DA:89,0
LF:33
LH:0
BRDA:15,0,0,0
BRDA:25,1,0,0
BRDA:25,1,1,0
BRDA:25,2,0,0
BRDA:25,2,1,0
BRDA:25,2,2,0
BRDA:25,2,3,0
BRDA:30,3,0,0
BRDA:30,3,1,0
BRDA:33,4,0,0
BRDA:33,4,1,0
BRDA:36,5,0,0
BRDA:36,5,1,0
BRDA:39,6,0,0
BRDA:39,6,1,0
BRF:15
BRH:0
end_of_record
TN:
SF:src\hooks\use-card.ts
FN:6,(anonymous_0)
FN:16,(anonymous_1)
FN:34,(anonymous_2)
FN:39,(anonymous_3)
FN:40,(anonymous_4)
FN:44,(anonymous_5)
FN:45,(anonymous_6)
FNF:7
FNH:3
FNDA:2,(anonymous_0)
FNDA:0,(anonymous_1)
FNDA:4,(anonymous_2)
FNDA:0,(anonymous_3)
FNDA:4,(anonymous_4)
FNDA:0,(anonymous_5)
FNDA:0,(anonymous_6)
DA:6,1
DA:7,2
DA:9,2
DA:10,2
DA:11,2
DA:12,2
DA:14,2
DA:17,0
DA:18,0
DA:29,2
DA:34,1
DA:35,4
DA:36,4
DA:38,4
DA:39,0
DA:40,4
DA:43,4
DA:44,0
DA:45,0
DA:48,4
LF:20
LH:15
BRDA:9,0,0,2
BRDA:9,0,1,0
BRDA:10,1,0,2
BRDA:10,1,1,0
BRDA:11,2,0,2
BRDA:11,2,1,0
BRDA:12,3,0,2
BRDA:12,3,1,0
BRDA:17,4,0,0
BRDA:17,4,1,0
BRF:10
BRH:4
end_of_record
TN:
SF:src\hooks\use-debounce.ts
FN:3,(anonymous_0)
FN:6,(anonymous_1)
FN:7,(anonymous_2)
FN:11,(anonymous_3)
FNF:4
FNH:4
FNDA:5,(anonymous_0)
FNDA:4,(anonymous_1)
FNDA:1,(anonymous_2)
FNDA:4,(anonymous_3)
DA:3,1
DA:4,5
DA:6,5
DA:7,4
DA:8,1
DA:11,4
DA:12,4
DA:16,5
LF:8
LH:8
BRDA:3,0,0,0
BRF:1
BRH:0
end_of_record
TN:
SF:src\hooks\use-form-validation.ts
FN:5,(anonymous_0)
FN:66,(anonymous_1)
FNF:2
FNH:2
FNDA:5,(anonymous_0)
FNDA:2,(anonymous_1)
DA:5,1
DA:6,5
DA:7,5
DA:9,5
DA:13,5
DA:17,5
DA:21,5
DA:25,5
DA:29,5
DA:31,5
DA:35,5
DA:37,5
DA:41,5
DA:43,5
DA:47,5
DA:51,5
DA:54,5
DA:57,5
DA:66,2
DA:70,5
DA:89,5
DA:97,5
DA:101,5
DA:105,5
LF:24
LH:24
BRF:0
BRH:0
end_of_record
TN:
SF:src\hooks\use-query-params.ts
FN:4,(anonymous_0)
FN:7,(anonymous_1)
FNF:2
FNH:0
FNDA:0,(anonymous_0)
FNDA:0,(anonymous_1)
DA:4,1
DA:5,0
DA:7,0
LF:3
LH:1
BRF:0
BRH:0
end_of_record
TN:
SF:src\hooks\use-toaster.ts
FN:3,(anonymous_0)
FN:4,(anonymous_1)
FN:15,(anonymous_2)
FNF:3
FNH:3
FNDA:3,(anonymous_0)
FNDA:2,(anonymous_1)
FNDA:2,(anonymous_2)
DA:3,1
DA:4,3
DA:5,2
DA:15,3
DA:16,2
DA:26,3
LF:6
LH:6
BRDA:6,0,0,2
BRDA:6,0,1,1
BRDA:17,1,0,2
BRDA:17,1,1,1
BRF:4
BRH:4
end_of_record
TN:
SF:src\router\routes.tsx
FN:18,(anonymous_0)
FN:72,(anonymous_1)
FNF:2
FNH:0
FNDA:0,(anonymous_0)
FNDA:0,(anonymous_1)
DA:16,0
DA:18,0
DA:19,0
DA:72,0
DA:73,0
LF:5
LH:0
BRF:0
BRH:0
end_of_record
TN:
SF:src\store\AuthContext.tsx
FN:14,(anonymous_0)
FN:15,(anonymous_1)
FN:20,(anonymous_2)
FN:35,(anonymous_3)
FN:45,(anonymous_4)
FN:56,(anonymous_5)
FN:66,(anonymous_6)
FN:82,(anonymous_7)
FN:102,(anonymous_8)
FNF:9
FNH:0
FNDA:0,(anonymous_0)
FNDA:0,(anonymous_1)
FNDA:0,(anonymous_2)
FNDA:0,(anonymous_3)
FNDA:0,(anonymous_4)
FNDA:0,(anonymous_5)
FNDA:0,(anonymous_6)
FNDA:0,(anonymous_7)
FNDA:0,(anonymous_8)
DA:8,0
DA:18,0
DA:20,0
DA:21,0
DA:24,0
DA:27,0
DA:30,0
DA:32,0
DA:34,0
DA:36,0
DA:37,0
DA:38,0
DA:39,0
DA:40,0
DA:45,0
DA:46,0
DA:47,0
DA:48,0
DA:49,0
DA:50,0
DA:51,0
DA:53,0
DA:56,0
DA:59,0
DA:60,0
DA:63,0
DA:64,0
DA:66,0
DA:67,0
DA:71,0
DA:72,0
DA:73,0
DA:76,0
DA:77,0
DA:79,0
DA:82,0
DA:83,0
DA:87,0
DA:97,0
DA:102,0
DA:103,0
LF:41
LH:0
BRDA:22,0,0,0
BRDA:22,0,1,0
BRDA:25,1,0,0
BRDA:25,1,1,0
BRDA:28,2,0,0
BRDA:28,2,1,0
BRDA:37,3,0,0
BRDA:37,3,1,0
BRDA:38,4,0,0
BRDA:38,4,1,0
BRDA:39,5,0,0
BRDA:39,5,1,0
BRDA:40,6,0,0
BRDA:40,6,1,0
BRDA:59,7,0,0
BRDA:59,7,1,0
BRDA:59,8,0,0
BRDA:59,8,1,0
BRDA:63,9,0,0
BRDA:63,9,1,0
BRDA:71,10,0,0
BRDA:71,10,1,0
BRDA:76,11,0,0
BRDA:76,11,1,0
BRDA:76,12,0,0
BRDA:76,12,1,0
BRDA:83,13,0,0
BRDA:83,13,1,0
BRF:28
BRH:0
end_of_record
